Arguments: 
  /Users/justin.menestrina/.nvm/versions/node/v8.4.0/bin/node /usr/local/Cellar/yarn/1.3.2/libexec/bin/yarn.js build:watch

PATH: 
  /Users/justin.menestrina/.nvm/versions/node/v8.4.0/bin:/Users/justin.menestrina/.yarn/bin:/Users/justin.menestrina/.opam/system/bin:/Users/justin.menestrina/.cargo/bin:/Library/Frameworks/Python.framework/Versions/3.6/bin:/Library/Frameworks/Python.framework/Versions/3.5/bin:/usr/local/bin:/usr/bin:/bin:/usr/sbin:/sbin:/usr/local/share/dotnet:/usr/local/go/bin:/Library/Frameworks/Mono.framework/Versions/Current/Commands:/Applications/Wireshark.app/Contents/MacOS:/Users/justin.menestrina/.yarn/bin:/Users/justin.menestrina/.opam/system/bin:/Users/justin.menestrina/.cargo/bin:/Library/Frameworks/Python.framework/Versions/3.6/bin:/Library/Frameworks/Python.framework/Versions/3.5/bin:/.rvm/bin:/usr/local/smlnj/bin:/Users/justin.menestrina/.rvm/bin:/.rvm/bin:/Users/justin.menestrina/.cargo/bin:/usr/local/smlnj/bin:/Users/justin.menestrina/.rvm/bin

Yarn version: 
  1.3.2

Node version: 
  8.4.0

Platform: 
  darwin x64

npm manifest: 
  {
    "name": "chatApp",
    "version": "1.0.0",
    "description": "A real time chat application",
    "main": "index.js",
    "license": "MIT",
    "scripts": {
      "start": "node ./dist/server.js",
      "build:watch": "tsc --watch",
      "build-client:watch": "webpack --config ./webpack.config.js --watch"
    },
    "dependencies": {
      "@types/react-redux": "^5.0.14",
      "express": "^4.16.2",
      "express-session": "^1.15.6",
      "react": "^16.2.0",
      "react-dom": "^16.2.0",
      "react-redux": "^5.0.6",
      "react-router": "^4.2.0",
      "redis": "^2.8.0",
      "redux": "^3.7.2",
      "redux-observable": "^0.17.0",
      "rxjs": "^5.5.6",
      "socket.io": "^2.0.4",
      "socket.io-client": "^2.0.4",
      "styled-components": "^2.4.0",
      "typescript-fsa": "^2.5.0",
      "typescript-fsa-reducers": "^0.4.5",
      
    },
    "devDependencies": {
      "@types/express": "^4.11.0",
      "@types/express-session": "^1.15.6",
      "@types/react": "^16.0.34",
      "@types/react-dom": "^16.0.3",
      "@types/redis": "^2.8.4",
      "@types/redux": "^3.6.0",
      "@types/socket.io": "^1.4.31",
      "@types/socket.io-client": "^1.4.32",
      "awesome-typescript-loader": "^3.4.1",
      "babel-core": "^6.26.0",
      "babel-loader": "@6.2.5",
      "babel-preset-es2015": "^6.24.1",
      "babel-preset-react": "^6.24.1",
      "rollup": "^0.53.3",
      "source-map-loader": "^0.2.3",
      "ts-loader": "^3.2.0",
      "typescript": "^2.6.2"
    }
  }

yarn manifest: 
  No manifest

Lockfile: 
  # THIS IS AN AUTOGENERATED FILE. DO NOT EDIT THIS FILE DIRECTLY.
  # yarn lockfile v1
  
  
  "@types/body-parser@*":
    version "1.16.8"
    resolved "https://registry.yarnpkg.com/@types/body-parser/-/body-parser-1.16.8.tgz#687ec34140624a3bec2b1a8ea9268478ae8f3be3"
    dependencies:
      "@types/express" "*"
      "@types/node" "*"
  
  "@types/events@*":
    version "1.1.0"
    resolved "https://registry.yarnpkg.com/@types/events/-/events-1.1.0.tgz#93b1be91f63c184450385272c47b6496fd028e02"
  
  "@types/express-serve-static-core@*":
    version "4.11.0"
    resolved "https://registry.yarnpkg.com/@types/express-serve-static-core/-/express-serve-static-core-4.11.0.tgz#aaaf472777191c3e56ec7aa160034c6b55ebdd59"
    dependencies:
      "@types/node" "*"
  
  "@types/express-session@^1.15.6":
    version "1.15.6"
    resolved "https://registry.yarnpkg.com/@types/express-session/-/express-session-1.15.6.tgz#eb7c913971a56ad0d83efebe4e9f7aaffa77d8ed"
    dependencies:
      "@types/express" "*"
      "@types/node" "*"
  
  "@types/express@*", "@types/express@^4.11.0":
    version "4.11.0"
    resolved "https://registry.yarnpkg.com/@types/express/-/express-4.11.0.tgz#234d65280af917cb290634b7a8d6bcac24aecbad"
    dependencies:
      "@types/body-parser" "*"
      "@types/express-serve-static-core" "*"
      "@types/serve-static" "*"
  
  "@types/mime@*":
    version "2.0.0"
    resolved "https://registry.yarnpkg.com/@types/mime/-/mime-2.0.0.tgz#5a7306e367c539b9f6543499de8dd519fac37a8b"
  
  "@types/node@*":
    version "9.3.0"
    resolved "https://registry.yarnpkg.com/@types/node/-/node-9.3.0.tgz#3a129cda7c4e5df2409702626892cb4b96546dd5"
  
  "@types/react-dom@^16.0.3":
    version "16.0.3"
    resolved "https://registry.yarnpkg.com/@types/react-dom/-/react-dom-16.0.3.tgz#8accad7eabdab4cca3e1a56f5ccb57de2da0ff64"
    dependencies:
      "@types/node" "*"
      "@types/react" "*"
  
  "@types/react-redux@^5.0.14":
    version "5.0.14"
    resolved "https://registry.yarnpkg.com/@types/react-redux/-/react-redux-5.0.14.tgz#f3fc30dcbb2d20455a714f591cc27f77b4df09bb"
    dependencies:
      "@types/react" "*"
      redux "^3.6.0"
  
  "@types/react@*", "@types/react@^16.0.34":
    version "16.0.34"
    resolved "https://registry.yarnpkg.com/@types/react/-/react-16.0.34.tgz#7a8f795afd8a404a9c4af9539b24c75d3996914e"
  
  "@types/redis@^2.8.4":
    version "2.8.4"
    resolved "https://registry.yarnpkg.com/@types/redis/-/redis-2.8.4.tgz#9f9e78e4dce90ad032aef23a32bceafaadb3dce6"
    dependencies:
      "@types/events" "*"
      "@types/node" "*"
  
  "@types/redux@^3.6.0":
    version "3.6.0"
    resolved "https://registry.yarnpkg.com/@types/redux/-/redux-3.6.0.tgz#f1ebe1e5411518072e4fdfca5c76e16e74c1399a"
    dependencies:
      redux "*"
  
  "@types/serve-static@*":
    version "1.13.1"
    resolved "https://registry.yarnpkg.com/@types/serve-static/-/serve-static-1.13.1.tgz#1d2801fa635d274cd97d4ec07e26b21b44127492"
    dependencies:
      "@types/express-serve-static-core" "*"
      "@types/mime" "*"
  
  "@types/socket.io-client@^1.4.32":
    version "1.4.32"
    resolved "https://registry.yarnpkg.com/@types/socket.io-client/-/socket.io-client-1.4.32.tgz#988a65a0386c274b1c22a55377fab6a30789ac14"
  
  "@types/socket.io@^1.4.31":
    version "1.4.31"
    resolved "https://registry.yarnpkg.com/@types/socket.io/-/socket.io-1.4.31.tgz#7a928518a35516fccd90431f94538ed3fddaba19"
    dependencies:
      "@types/node" "*"
  
  accepts@1.3.3:
    version "1.3.3"
    resolved "https://registry.yarnpkg.com/accepts/-/accepts-1.3.3.tgz#c3ca7434938648c3e0d9c1e328dd68b622c284ca"
    dependencies:
      mime-types "~2.1.11"
      negotiator "0.6.1"
  
  accepts@~1.3.4:
    version "1.3.4"
    resolved "https://registry.yarnpkg.com/accepts/-/accepts-1.3.4.tgz#86246758c7dd6d21a6474ff084a4740ec05eb21f"
    dependencies:
      mime-types "~2.1.16"
      negotiator "0.6.1"
  
  after@0.8.2:
    version "0.8.2"
    resolved "https://registry.yarnpkg.com/after/-/after-0.8.2.tgz#fedb394f9f0e02aa9768e702bda23b505fae7e1f"
  
  ansi-regex@^2.0.0:
    version "2.1.1"
    resolved "https://registry.yarnpkg.com/ansi-regex/-/ansi-regex-2.1.1.tgz#c3b33ab5ee360d86e0e628f0468ae7ef27d654df"
  
  ansi-styles@^2.2.1:
    version "2.2.1"
    resolved "https://registry.yarnpkg.com/ansi-styles/-/ansi-styles-2.2.1.tgz#b432dd3358b634cf75e1e4664368240533c1ddbe"
  
  ansi-styles@^3.1.0:
    version "3.2.0"
    resolved "https://registry.yarnpkg.com/ansi-styles/-/ansi-styles-3.2.0.tgz#c159b8d5be0f9e5a6f346dab94f16ce022161b88"
    dependencies:
      color-convert "^1.9.0"
  
  arr-diff@^4.0.0:
    version "4.0.0"
    resolved "https://registry.yarnpkg.com/arr-diff/-/arr-diff-4.0.0.tgz#d6461074febfec71e7e15235761a329a5dc7c520"
  
  arr-flatten@^1.1.0:
    version "1.1.0"
    resolved "https://registry.yarnpkg.com/arr-flatten/-/arr-flatten-1.1.0.tgz#36048bbff4e7b47e136644316c99669ea5ae91f1"
  
  arr-union@^3.1.0:
    version "3.1.0"
    resolved "https://registry.yarnpkg.com/arr-union/-/arr-union-3.1.0.tgz#e39b09aea9def866a8f206e288af63919bae39c4"
  
  array-flatten@1.1.1:
    version "1.1.1"
    resolved "https://registry.yarnpkg.com/array-flatten/-/array-flatten-1.1.1.tgz#9a5f699051b1e7073328f2a008968b64ea2955d2"
  
  array-unique@^0.3.2:
    version "0.3.2"
    resolved "https://registry.yarnpkg.com/array-unique/-/array-unique-0.3.2.tgz#a894b75d4bc4f6cd679ef3244a9fd8f46ae2d428"
  
  arraybuffer.slice@~0.0.7:
    version "0.0.7"
    resolved "https://registry.yarnpkg.com/arraybuffer.slice/-/arraybuffer.slice-0.0.7.tgz#3bbc4275dd584cc1b10809b89d4e8b63a69e7675"
  
  asap@~2.0.3:
    version "2.0.6"
    resolved "https://registry.yarnpkg.com/asap/-/asap-2.0.6.tgz#e50347611d7e690943208bbdafebcbc2fb866d46"
  
  assign-symbols@^1.0.0:
    version "1.0.0"
    resolved "https://registry.yarnpkg.com/assign-symbols/-/assign-symbols-1.0.0.tgz#59667f41fadd4f20ccbc2bb96b8d4f7f78ec0367"
  
  async-limiter@~1.0.0:
    version "1.0.0"
    resolved "https://registry.yarnpkg.com/async-limiter/-/async-limiter-1.0.0.tgz#78faed8c3d074ab81f22b4e985d79e8738f720f8"
  
  async@^2.5.0:
    version "2.6.0"
    resolved "https://registry.yarnpkg.com/async/-/async-2.6.0.tgz#61a29abb6fcc026fea77e56d1c6ec53a795951f4"
    dependencies:
      lodash "^4.14.0"
  
  atob@^2.0.0:
    version "2.0.3"
    resolved "https://registry.yarnpkg.com/atob/-/atob-2.0.3.tgz#19c7a760473774468f20b2d2d03372ad7d4cbf5d"
  
  awesome-typescript-loader@^3.4.1:
    version "3.4.1"
    resolved "https://registry.yarnpkg.com/awesome-typescript-loader/-/awesome-typescript-loader-3.4.1.tgz#22fa49800f0619ec18ab15383aef93b95378dea9"
    dependencies:
      colors "^1.1.2"
      enhanced-resolve "3.3.0"
      loader-utils "^1.1.0"
      lodash "^4.17.4"
      micromatch "^3.0.3"
      mkdirp "^0.5.1"
      object-assign "^4.1.1"
      source-map-support "^0.4.15"
  
  babel-code-frame@^6.26.0:
    version "6.26.0"
    resolved "https://registry.yarnpkg.com/babel-code-frame/-/babel-code-frame-6.26.0.tgz#63fd43f7dc1e3bb7ce35947db8fe369a3f58c74b"
    dependencies:
      chalk "^1.1.3"
      esutils "^2.0.2"
      js-tokens "^3.0.2"
  
  babel-core@^6.26.0:
    version "6.26.0"
    resolved "https://registry.yarnpkg.com/babel-core/-/babel-core-6.26.0.tgz#af32f78b31a6fcef119c87b0fd8d9753f03a0bb8"
    dependencies:
      babel-code-frame "^6.26.0"
      babel-generator "^6.26.0"
      babel-helpers "^6.24.1"
      babel-messages "^6.23.0"
      babel-register "^6.26.0"
      babel-runtime "^6.26.0"
      babel-template "^6.26.0"
      babel-traverse "^6.26.0"
      babel-types "^6.26.0"
      babylon "^6.18.0"
      convert-source-map "^1.5.0"
      debug "^2.6.8"
      json5 "^0.5.1"
      lodash "^4.17.4"
      minimatch "^3.0.4"
      path-is-absolute "^1.0.1"
      private "^0.1.7"
      slash "^1.0.0"
      source-map "^0.5.6"
  
  babel-generator@^6.26.0:
    version "6.26.0"
    resolved "https://registry.yarnpkg.com/babel-generator/-/babel-generator-6.26.0.tgz#ac1ae20070b79f6e3ca1d3269613053774f20dc5"
    dependencies:
      babel-messages "^6.23.0"
      babel-runtime "^6.26.0"
      babel-types "^6.26.0"
      detect-indent "^4.0.0"
      jsesc "^1.3.0"
      lodash "^4.17.4"
      source-map "^0.5.6"
      trim-right "^1.0.1"
  
  babel-helper-builder-react-jsx@^6.24.1:
    version "6.26.0"
    resolved "https://registry.yarnpkg.com/babel-helper-builder-react-jsx/-/babel-helper-builder-react-jsx-6.26.0.tgz#39ff8313b75c8b65dceff1f31d383e0ff2a408a0"
    dependencies:
      babel-runtime "^6.26.0"
      babel-types "^6.26.0"
      esutils "^2.0.2"
  
  babel-helper-call-delegate@^6.24.1:
    version "6.24.1"
    resolved "https://registry.yarnpkg.com/babel-helper-call-delegate/-/babel-helper-call-delegate-6.24.1.tgz#ece6aacddc76e41c3461f88bfc575bd0daa2df8d"
    dependencies:
      babel-helper-hoist-variables "^6.24.1"
      babel-runtime "^6.22.0"
      babel-traverse "^6.24.1"
      babel-types "^6.24.1"
  
  babel-helper-define-map@^6.24.1:
    version "6.26.0"
    resolved "https://registry.yarnpkg.com/babel-helper-define-map/-/babel-helper-define-map-6.26.0.tgz#a5f56dab41a25f97ecb498c7ebaca9819f95be5f"
    dependencies:
      babel-helper-function-name "^6.24.1"
      babel-runtime "^6.26.0"
      babel-types "^6.26.0"
      lodash "^4.17.4"
  
  babel-helper-function-name@^6.24.1:
    version "6.24.1"
    resolved "https://registry.yarnpkg.com/babel-helper-function-name/-/babel-helper-function-name-6.24.1.tgz#d3475b8c03ed98242a25b48351ab18399d3580a9"
    dependencies:
      babel-helper-get-function-arity "^6.24.1"
      babel-runtime "^6.22.0"
      babel-template "^6.24.1"
      babel-traverse "^6.24.1"
      babel-types "^6.24.1"
  
  babel-helper-get-function-arity@^6.24.1:
    version "6.24.1"
    resolved "https://registry.yarnpkg.com/babel-helper-get-function-arity/-/babel-helper-get-function-arity-6.24.1.tgz#8f7782aa93407c41d3aa50908f89b031b1b6853d"
    dependencies:
      babel-runtime "^6.22.0"
      babel-types "^6.24.1"
  
  babel-helper-hoist-variables@^6.24.1:
    version "6.24.1"
    resolved "https://registry.yarnpkg.com/babel-helper-hoist-variables/-/babel-helper-hoist-variables-6.24.1.tgz#1ecb27689c9d25513eadbc9914a73f5408be7a76"
    dependencies:
      babel-runtime "^6.22.0"
      babel-types "^6.24.1"
  
  babel-helper-optimise-call-expression@^6.24.1:
    version "6.24.1"
    resolved "https://registry.yarnpkg.com/babel-helper-optimise-call-expression/-/babel-helper-optimise-call-expression-6.24.1.tgz#f7a13427ba9f73f8f4fa993c54a97882d1244257"
    dependencies:
      babel-runtime "^6.22.0"
      babel-types "^6.24.1"
  
  babel-helper-regex@^6.24.1:
    version "6.26.0"
    resolved "https://registry.yarnpkg.com/babel-helper-regex/-/babel-helper-regex-6.26.0.tgz#325c59f902f82f24b74faceed0363954f6495e72"
    dependencies:
      babel-runtime "^6.26.0"
      babel-types "^6.26.0"
      lodash "^4.17.4"
  
  babel-helper-replace-supers@^6.24.1:
    version "6.24.1"
    resolved "https://registry.yarnpkg.com/babel-helper-replace-supers/-/babel-helper-replace-supers-6.24.1.tgz#bf6dbfe43938d17369a213ca8a8bf74b6a90ab1a"
    dependencies:
      babel-helper-optimise-call-expression "^6.24.1"
      babel-messages "^6.23.0"
      babel-runtime "^6.22.0"
      babel-template "^6.24.1"
      babel-traverse "^6.24.1"
      babel-types "^6.24.1"
  
  babel-helpers@^6.24.1:
    version "6.24.1"
    resolved "https://registry.yarnpkg.com/babel-helpers/-/babel-helpers-6.24.1.tgz#3471de9caec388e5c850e597e58a26ddf37602b2"
    dependencies:
      babel-runtime "^6.22.0"
      babel-template "^6.24.1"
  
  babel-loader@@6.2.5:
    version "6.4.1"
    resolved "https://registry.yarnpkg.com/babel-loader/-/babel-loader-6.4.1.tgz#0b34112d5b0748a8dcdbf51acf6f9bd42d50b8ca"
    dependencies:
      find-cache-dir "^0.1.1"
      loader-utils "^0.2.16"
      mkdirp "^0.5.1"
      object-assign "^4.0.1"
  
  babel-messages@^6.23.0:
    version "6.23.0"
    resolved "https://registry.yarnpkg.com/babel-messages/-/babel-messages-6.23.0.tgz#f3cdf4703858035b2a2951c6ec5edf6c62f2630e"
    dependencies:
      babel-runtime "^6.22.0"
  
  babel-plugin-check-es2015-constants@^6.22.0:
    version "6.22.0"
    resolved "https://registry.yarnpkg.com/babel-plugin-check-es2015-constants/-/babel-plugin-check-es2015-constants-6.22.0.tgz#35157b101426fd2ffd3da3f75c7d1e91835bbf8a"
    dependencies:
      babel-runtime "^6.22.0"
  
  babel-plugin-syntax-flow@^6.18.0:
    version "6.18.0"
    resolved "https://registry.yarnpkg.com/babel-plugin-syntax-flow/-/babel-plugin-syntax-flow-6.18.0.tgz#4c3ab20a2af26aa20cd25995c398c4eb70310c8d"
  
  babel-plugin-syntax-jsx@^6.3.13, babel-plugin-syntax-jsx@^6.8.0:
    version "6.18.0"
    resolved "https://registry.yarnpkg.com/babel-plugin-syntax-jsx/-/babel-plugin-syntax-jsx-6.18.0.tgz#0af32a9a6e13ca7a3fd5069e62d7b0f58d0d8946"
  
  babel-plugin-transform-es2015-arrow-functions@^6.22.0:
    version "6.22.0"
    resolved "https://registry.yarnpkg.com/babel-plugin-transform-es2015-arrow-functions/-/babel-plugin-transform-es2015-arrow-functions-6.22.0.tgz#452692cb711d5f79dc7f85e440ce41b9f244d221"
    dependencies:
      babel-runtime "^6.22.0"
  
  babel-plugin-transform-es2015-block-scoped-functions@^6.22.0:
    version "6.22.0"
    resolved "https://registry.yarnpkg.com/babel-plugin-transform-es2015-block-scoped-functions/-/babel-plugin-transform-es2015-block-scoped-functions-6.22.0.tgz#bbc51b49f964d70cb8d8e0b94e820246ce3a6141"
    dependencies:
      babel-runtime "^6.22.0"
  
  babel-plugin-transform-es2015-block-scoping@^6.24.1:
    version "6.26.0"
    resolved "https://registry.yarnpkg.com/babel-plugin-transform-es2015-block-scoping/-/babel-plugin-transform-es2015-block-scoping-6.26.0.tgz#d70f5299c1308d05c12f463813b0a09e73b1895f"
    dependencies:
      babel-runtime "^6.26.0"
      babel-template "^6.26.0"
      babel-traverse "^6.26.0"
      babel-types "^6.26.0"
      lodash "^4.17.4"
  
  babel-plugin-transform-es2015-classes@^6.24.1:
    version "6.24.1"
    resolved "https://registry.yarnpkg.com/babel-plugin-transform-es2015-classes/-/babel-plugin-transform-es2015-classes-6.24.1.tgz#5a4c58a50c9c9461e564b4b2a3bfabc97a2584db"
    dependencies:
      babel-helper-define-map "^6.24.1"
      babel-helper-function-name "^6.24.1"
      babel-helper-optimise-call-expression "^6.24.1"
      babel-helper-replace-supers "^6.24.1"
      babel-messages "^6.23.0"
      babel-runtime "^6.22.0"
      babel-template "^6.24.1"
      babel-traverse "^6.24.1"
      babel-types "^6.24.1"
  
  babel-plugin-transform-es2015-computed-properties@^6.24.1:
    version "6.24.1"
    resolved "https://registry.yarnpkg.com/babel-plugin-transform-es2015-computed-properties/-/babel-plugin-transform-es2015-computed-properties-6.24.1.tgz#6fe2a8d16895d5634f4cd999b6d3480a308159b3"
    dependencies:
      babel-runtime "^6.22.0"
      babel-template "^6.24.1"
  
  babel-plugin-transform-es2015-destructuring@^6.22.0:
    version "6.23.0"
    resolved "https://registry.yarnpkg.com/babel-plugin-transform-es2015-destructuring/-/babel-plugin-transform-es2015-destructuring-6.23.0.tgz#997bb1f1ab967f682d2b0876fe358d60e765c56d"
    dependencies:
      babel-runtime "^6.22.0"
  
  babel-plugin-transform-es2015-duplicate-keys@^6.24.1:
    version "6.24.1"
    resolved "https://registry.yarnpkg.com/babel-plugin-transform-es2015-duplicate-keys/-/babel-plugin-transform-es2015-duplicate-keys-6.24.1.tgz#73eb3d310ca969e3ef9ec91c53741a6f1576423e"
    dependencies:
      babel-runtime "^6.22.0"
      babel-types "^6.24.1"
  
  babel-plugin-transform-es2015-for-of@^6.22.0:
    version "6.23.0"
    resolved "https://registry.yarnpkg.com/babel-plugin-transform-es2015-for-of/-/babel-plugin-transform-es2015-for-of-6.23.0.tgz#f47c95b2b613df1d3ecc2fdb7573623c75248691"
    dependencies:
      babel-runtime "^6.22.0"
  
  babel-plugin-transform-es2015-function-name@^6.24.1:
    version "6.24.1"
    resolved "https://registry.yarnpkg.com/babel-plugin-transform-es2015-function-name/-/babel-plugin-transform-es2015-function-name-6.24.1.tgz#834c89853bc36b1af0f3a4c5dbaa94fd8eacaa8b"
    dependencies:
      babel-helper-function-name "^6.24.1"
      babel-runtime "^6.22.0"
      babel-types "^6.24.1"
  
  babel-plugin-transform-es2015-literals@^6.22.0:
    version "6.22.0"
    resolved "https://registry.yarnpkg.com/babel-plugin-transform-es2015-literals/-/babel-plugin-transform-es2015-literals-6.22.0.tgz#4f54a02d6cd66cf915280019a31d31925377ca2e"
    dependencies:
      babel-runtime "^6.22.0"
  
  babel-plugin-transform-es2015-modules-amd@^6.24.1:
    version "6.24.1"
    resolved "https://registry.yarnpkg.com/babel-plugin-transform-es2015-modules-amd/-/babel-plugin-transform-es2015-modules-amd-6.24.1.tgz#3b3e54017239842d6d19c3011c4bd2f00a00d154"
    dependencies:
      babel-plugin-transform-es2015-modules-commonjs "^6.24.1"
      babel-runtime "^6.22.0"
      babel-template "^6.24.1"
  
  babel-plugin-transform-es2015-modules-commonjs@^6.24.1:
    version "6.26.0"
    resolved "https://registry.yarnpkg.com/babel-plugin-transform-es2015-modules-commonjs/-/babel-plugin-transform-es2015-modules-commonjs-6.26.0.tgz#0d8394029b7dc6abe1a97ef181e00758dd2e5d8a"
    dependencies:
      babel-plugin-transform-strict-mode "^6.24.1"
      babel-runtime "^6.26.0"
      babel-template "^6.26.0"
      babel-types "^6.26.0"
  
  babel-plugin-transform-es2015-modules-systemjs@^6.24.1:
    version "6.24.1"
    resolved "https://registry.yarnpkg.com/babel-plugin-transform-es2015-modules-systemjs/-/babel-plugin-transform-es2015-modules-systemjs-6.24.1.tgz#ff89a142b9119a906195f5f106ecf305d9407d23"
    dependencies:
      babel-helper-hoist-variables "^6.24.1"
      babel-runtime "^6.22.0"
      babel-template "^6.24.1"
  
  babel-plugin-transform-es2015-modules-umd@^6.24.1:
    version "6.24.1"
    resolved "https://registry.yarnpkg.com/babel-plugin-transform-es2015-modules-umd/-/babel-plugin-transform-es2015-modules-umd-6.24.1.tgz#ac997e6285cd18ed6176adb607d602344ad38468"
    dependencies:
      babel-plugin-transform-es2015-modules-amd "^6.24.1"
      babel-runtime "^6.22.0"
      babel-template "^6.24.1"
  
  babel-plugin-transform-es2015-object-super@^6.24.1:
    version "6.24.1"
    resolved "https://registry.yarnpkg.com/babel-plugin-transform-es2015-object-super/-/babel-plugin-transform-es2015-object-super-6.24.1.tgz#24cef69ae21cb83a7f8603dad021f572eb278f8d"
    dependencies:
      babel-helper-replace-supers "^6.24.1"
      babel-runtime "^6.22.0"
  
  babel-plugin-transform-es2015-parameters@^6.24.1:
    version "6.24.1"
    resolved "https://registry.yarnpkg.com/babel-plugin-transform-es2015-parameters/-/babel-plugin-transform-es2015-parameters-6.24.1.tgz#57ac351ab49caf14a97cd13b09f66fdf0a625f2b"
    dependencies:
      babel-helper-call-delegate "^6.24.1"
      babel-helper-get-function-arity "^6.24.1"
      babel-runtime "^6.22.0"
      babel-template "^6.24.1"
      babel-traverse "^6.24.1"
      babel-types "^6.24.1"
  
  babel-plugin-transform-es2015-shorthand-properties@^6.24.1:
    version "6.24.1"
    resolved "https://registry.yarnpkg.com/babel-plugin-transform-es2015-shorthand-properties/-/babel-plugin-transform-es2015-shorthand-properties-6.24.1.tgz#24f875d6721c87661bbd99a4622e51f14de38aa0"
    dependencies:
      babel-runtime "^6.22.0"
      babel-types "^6.24.1"
  
  babel-plugin-transform-es2015-spread@^6.22.0:
    version "6.22.0"
    resolved "https://registry.yarnpkg.com/babel-plugin-transform-es2015-spread/-/babel-plugin-transform-es2015-spread-6.22.0.tgz#d6d68a99f89aedc4536c81a542e8dd9f1746f8d1"
    dependencies:
      babel-runtime "^6.22.0"
  
  babel-plugin-transform-es2015-sticky-regex@^6.24.1:
    version "6.24.1"
    resolved "https://registry.yarnpkg.com/babel-plugin-transform-es2015-sticky-regex/-/babel-plugin-transform-es2015-sticky-regex-6.24.1.tgz#00c1cdb1aca71112cdf0cf6126c2ed6b457ccdbc"
    dependencies:
      babel-helper-regex "^6.24.1"
      babel-runtime "^6.22.0"
      babel-types "^6.24.1"
  
  babel-plugin-transform-es2015-template-literals@^6.22.0:
    version "6.22.0"
    resolved "https://registry.yarnpkg.com/babel-plugin-transform-es2015-template-literals/-/babel-plugin-transform-es2015-template-literals-6.22.0.tgz#a84b3450f7e9f8f1f6839d6d687da84bb1236d8d"
    dependencies:
      babel-runtime "^6.22.0"
  
  babel-plugin-transform-es2015-typeof-symbol@^6.22.0:
    version "6.23.0"
    resolved "https://registry.yarnpkg.com/babel-plugin-transform-es2015-typeof-symbol/-/babel-plugin-transform-es2015-typeof-symbol-6.23.0.tgz#dec09f1cddff94b52ac73d505c84df59dcceb372"
    dependencies:
      babel-runtime "^6.22.0"
  
  babel-plugin-transform-es2015-unicode-regex@^6.24.1:
    version "6.24.1"
    resolved "https://registry.yarnpkg.com/babel-plugin-transform-es2015-unicode-regex/-/babel-plugin-transform-es2015-unicode-regex-6.24.1.tgz#d38b12f42ea7323f729387f18a7c5ae1faeb35e9"
    dependencies:
      babel-helper-regex "^6.24.1"
      babel-runtime "^6.22.0"
      regexpu-core "^2.0.0"
  
  babel-plugin-transform-flow-strip-types@^6.22.0:
    version "6.22.0"
    resolved "https://registry.yarnpkg.com/babel-plugin-transform-flow-strip-types/-/babel-plugin-transform-flow-strip-types-6.22.0.tgz#84cb672935d43714fdc32bce84568d87441cf7cf"
    dependencies:
      babel-plugin-syntax-flow "^6.18.0"
      babel-runtime "^6.22.0"
  
  babel-plugin-transform-react-display-name@^6.23.0:
    version "6.25.0"
    resolved "https://registry.yarnpkg.com/babel-plugin-transform-react-display-name/-/babel-plugin-transform-react-display-name-6.25.0.tgz#67e2bf1f1e9c93ab08db96792e05392bf2cc28d1"
    dependencies:
      babel-runtime "^6.22.0"
  
  babel-plugin-transform-react-jsx-self@^6.22.0:
    version "6.22.0"
    resolved "https://registry.yarnpkg.com/babel-plugin-transform-react-jsx-self/-/babel-plugin-transform-react-jsx-self-6.22.0.tgz#df6d80a9da2612a121e6ddd7558bcbecf06e636e"
    dependencies:
      babel-plugin-syntax-jsx "^6.8.0"
      babel-runtime "^6.22.0"
  
  babel-plugin-transform-react-jsx-source@^6.22.0:
    version "6.22.0"
    resolved "https://registry.yarnpkg.com/babel-plugin-transform-react-jsx-source/-/babel-plugin-transform-react-jsx-source-6.22.0.tgz#66ac12153f5cd2d17b3c19268f4bf0197f44ecd6"
    dependencies:
      babel-plugin-syntax-jsx "^6.8.0"
      babel-runtime "^6.22.0"
  
  babel-plugin-transform-react-jsx@^6.24.1:
    version "6.24.1"
    resolved "https://registry.yarnpkg.com/babel-plugin-transform-react-jsx/-/babel-plugin-transform-react-jsx-6.24.1.tgz#840a028e7df460dfc3a2d29f0c0d91f6376e66a3"
    dependencies:
      babel-helper-builder-react-jsx "^6.24.1"
      babel-plugin-syntax-jsx "^6.8.0"
      babel-runtime "^6.22.0"
  
  babel-plugin-transform-regenerator@^6.24.1:
    version "6.26.0"
    resolved "https://registry.yarnpkg.com/babel-plugin-transform-regenerator/-/babel-plugin-transform-regenerator-6.26.0.tgz#e0703696fbde27f0a3efcacf8b4dca2f7b3a8f2f"
    dependencies:
      regenerator-transform "^0.10.0"
  
  babel-plugin-transform-strict-mode@^6.24.1:
    version "6.24.1"
    resolved "https://registry.yarnpkg.com/babel-plugin-transform-strict-mode/-/babel-plugin-transform-strict-mode-6.24.1.tgz#d5faf7aa578a65bbe591cf5edae04a0c67020758"
    dependencies:
      babel-runtime "^6.22.0"
      babel-types "^6.24.1"
  
  babel-preset-es2015@^6.24.1:
    version "6.24.1"
    resolved "https://registry.yarnpkg.com/babel-preset-es2015/-/babel-preset-es2015-6.24.1.tgz#d44050d6bc2c9feea702aaf38d727a0210538939"
    dependencies:
      babel-plugin-check-es2015-constants "^6.22.0"
      babel-plugin-transform-es2015-arrow-functions "^6.22.0"
      babel-plugin-transform-es2015-block-scoped-functions "^6.22.0"
      babel-plugin-transform-es2015-block-scoping "^6.24.1"
      babel-plugin-transform-es2015-classes "^6.24.1"
      babel-plugin-transform-es2015-computed-properties "^6.24.1"
      babel-plugin-transform-es2015-destructuring "^6.22.0"
      babel-plugin-transform-es2015-duplicate-keys "^6.24.1"
      babel-plugin-transform-es2015-for-of "^6.22.0"
      babel-plugin-transform-es2015-function-name "^6.24.1"
      babel-plugin-transform-es2015-literals "^6.22.0"
      babel-plugin-transform-es2015-modules-amd "^6.24.1"
      babel-plugin-transform-es2015-modules-commonjs "^6.24.1"
      babel-plugin-transform-es2015-modules-systemjs "^6.24.1"
      babel-plugin-transform-es2015-modules-umd "^6.24.1"
      babel-plugin-transform-es2015-object-super "^6.24.1"
      babel-plugin-transform-es2015-parameters "^6.24.1"
      babel-plugin-transform-es2015-shorthand-properties "^6.24.1"
      babel-plugin-transform-es2015-spread "^6.22.0"
      babel-plugin-transform-es2015-sticky-regex "^6.24.1"
      babel-plugin-transform-es2015-template-literals "^6.22.0"
      babel-plugin-transform-es2015-typeof-symbol "^6.22.0"
      babel-plugin-transform-es2015-unicode-regex "^6.24.1"
      babel-plugin-transform-regenerator "^6.24.1"
  
  babel-preset-flow@^6.23.0:
    version "6.23.0"
    resolved "https://registry.yarnpkg.com/babel-preset-flow/-/babel-preset-flow-6.23.0.tgz#e71218887085ae9a24b5be4169affb599816c49d"
    dependencies:
      babel-plugin-transform-flow-strip-types "^6.22.0"
  
  babel-preset-react@^6.24.1:
    version "6.24.1"
    resolved "https://registry.yarnpkg.com/babel-preset-react/-/babel-preset-react-6.24.1.tgz#ba69dfaea45fc3ec639b6a4ecea6e17702c91380"
    dependencies:
      babel-plugin-syntax-jsx "^6.3.13"
      babel-plugin-transform-react-display-name "^6.23.0"
      babel-plugin-transform-react-jsx "^6.24.1"
      babel-plugin-transform-react-jsx-self "^6.22.0"
      babel-plugin-transform-react-jsx-source "^6.22.0"
      babel-preset-flow "^6.23.0"
  
  babel-register@^6.26.0:
    version "6.26.0"
    resolved "https://registry.yarnpkg.com/babel-register/-/babel-register-6.26.0.tgz#6ed021173e2fcb486d7acb45c6009a856f647071"
    dependencies:
      babel-core "^6.26.0"
      babel-runtime "^6.26.0"
      core-js "^2.5.0"
      home-or-tmp "^2.0.0"
      lodash "^4.17.4"
      mkdirp "^0.5.1"
      source-map-support "^0.4.15"
  
  babel-runtime@^6.18.0, babel-runtime@^6.22.0, babel-runtime@^6.26.0:
    version "6.26.0"
    resolved "https://registry.yarnpkg.com/babel-runtime/-/babel-runtime-6.26.0.tgz#965c7058668e82b55d7bfe04ff2337bc8b5647fe"
    dependencies:
      core-js "^2.4.0"
      regenerator-runtime "^0.11.0"
  
  babel-template@^6.24.1, babel-template@^6.26.0:
    version "6.26.0"
    resolved "https://registry.yarnpkg.com/babel-template/-/babel-template-6.26.0.tgz#de03e2d16396b069f46dd9fff8521fb1a0e35e02"
    dependencies:
      babel-runtime "^6.26.0"
      babel-traverse "^6.26.0"
      babel-types "^6.26.0"
      babylon "^6.18.0"
      lodash "^4.17.4"
  
  babel-traverse@^6.24.1, babel-traverse@^6.26.0:
    version "6.26.0"
    resolved "https://registry.yarnpkg.com/babel-traverse/-/babel-traverse-6.26.0.tgz#46a9cbd7edcc62c8e5c064e2d2d8d0f4035766ee"
    dependencies:
      babel-code-frame "^6.26.0"
      babel-messages "^6.23.0"
      babel-runtime "^6.26.0"
      babel-types "^6.26.0"
      babylon "^6.18.0"
      debug "^2.6.8"
      globals "^9.18.0"
      invariant "^2.2.2"
      lodash "^4.17.4"
  
  babel-types@^6.19.0, babel-types@^6.24.1, babel-types@^6.26.0:
    version "6.26.0"
    resolved "https://registry.yarnpkg.com/babel-types/-/babel-types-6.26.0.tgz#a3b073f94ab49eb6fa55cd65227a334380632497"
    dependencies:
      babel-runtime "^6.26.0"
      esutils "^2.0.2"
      lodash "^4.17.4"
      to-fast-properties "^1.0.3"
  
  babylon@^6.18.0:
    version "6.18.0"
    resolved "https://registry.yarnpkg.com/babylon/-/babylon-6.18.0.tgz#af2f3b88fa6f5c1e4c634d1a0f8eac4f55b395e3"
  
  backo2@1.0.2:
    version "1.0.2"
    resolved "https://registry.yarnpkg.com/backo2/-/backo2-1.0.2.tgz#31ab1ac8b129363463e35b3ebb69f4dfcfba7947"
  
  balanced-match@^1.0.0:
    version "1.0.0"
    resolved "https://registry.yarnpkg.com/balanced-match/-/balanced-match-1.0.0.tgz#89b4d199ab2bee49de164ea02b89ce462d71b767"
  
  base64-arraybuffer@0.1.5:
    version "0.1.5"
    resolved "https://registry.yarnpkg.com/base64-arraybuffer/-/base64-arraybuffer-0.1.5.tgz#73926771923b5a19747ad666aa5cd4bf9c6e9ce8"
  
  base64-js@^1.0.2:
    version "1.2.1"
    resolved "https://registry.yarnpkg.com/base64-js/-/base64-js-1.2.1.tgz#a91947da1f4a516ea38e5b4ec0ec3773675e0886"
  
  base64id@1.0.0:
    version "1.0.0"
    resolved "https://registry.yarnpkg.com/base64id/-/base64id-1.0.0.tgz#47688cb99bb6804f0e06d3e763b1c32e57d8e6b6"
  
  base@^0.11.1:
    version "0.11.2"
    resolved "https://registry.yarnpkg.com/base/-/base-0.11.2.tgz#7bde5ced145b6d551a90db87f83c558b4eb48a8f"
    dependencies:
      cache-base "^1.0.1"
      class-utils "^0.3.5"
      component-emitter "^1.2.1"
      define-property "^1.0.0"
      isobject "^3.0.1"
      mixin-deep "^1.2.0"
      pascalcase "^0.1.1"
  
  better-assert@~1.0.0:
    version "1.0.2"
    resolved "https://registry.yarnpkg.com/better-assert/-/better-assert-1.0.2.tgz#40866b9e1b9e0b55b481894311e68faffaebc522"
    dependencies:
      callsite "1.0.0"
  
  big.js@^3.1.3:
    version "3.2.0"
    resolved "https://registry.yarnpkg.com/big.js/-/big.js-3.2.0.tgz#a5fc298b81b9e0dca2e458824784b65c52ba588e"
  
  blob@0.0.4:
    version "0.0.4"
    resolved "https://registry.yarnpkg.com/blob/-/blob-0.0.4.tgz#bcf13052ca54463f30f9fc7e95b9a47630a94921"
  
  body-parser@1.18.2:
    version "1.18.2"
    resolved "https://registry.yarnpkg.com/body-parser/-/body-parser-1.18.2.tgz#87678a19d84b47d859b83199bd59bce222b10454"
    dependencies:
      bytes "3.0.0"
      content-type "~1.0.4"
      debug "2.6.9"
      depd "~1.1.1"
      http-errors "~1.6.2"
      iconv-lite "0.4.19"
      on-finished "~2.3.0"
      qs "6.5.1"
      raw-body "2.3.2"
      type-is "~1.6.15"
  
  brace-expansion@^1.1.7:
    version "1.1.8"
    resolved "https://registry.yarnpkg.com/brace-expansion/-/brace-expansion-1.1.8.tgz#c07b211c7c952ec1f8efd51a77ef0d1d3990a292"
    dependencies:
      balanced-match "^1.0.0"
      concat-map "0.0.1"
  
  braces@^2.3.0:
    version "2.3.0"
    resolved "https://registry.yarnpkg.com/braces/-/braces-2.3.0.tgz#a46941cb5fb492156b3d6a656e06c35364e3e66e"
    dependencies:
      arr-flatten "^1.1.0"
      array-unique "^0.3.2"
      define-property "^1.0.0"
      extend-shallow "^2.0.1"
      fill-range "^4.0.0"
      isobject "^3.0.1"
      repeat-element "^1.1.2"
      snapdragon "^0.8.1"
      snapdragon-node "^2.0.1"
      split-string "^3.0.2"
      to-regex "^3.0.1"
  
  buffer@^5.0.3:
    version "5.0.8"
    resolved "https://registry.yarnpkg.com/buffer/-/buffer-5.0.8.tgz#84daa52e7cf2fa8ce4195bc5cf0f7809e0930b24"
    dependencies:
      base64-js "^1.0.2"
      ieee754 "^1.1.4"
  
  bytes@3.0.0:
    version "3.0.0"
    resolved "https://registry.yarnpkg.com/bytes/-/bytes-3.0.0.tgz#d32815404d689699f85a4ea4fa8755dd13a96048"
  
  cache-base@^1.0.1:
    version "1.0.1"
    resolved "https://registry.yarnpkg.com/cache-base/-/cache-base-1.0.1.tgz#0a7f46416831c8b662ee36fe4e7c59d76f666ab2"
    dependencies:
      collection-visit "^1.0.0"
      component-emitter "^1.2.1"
      get-value "^2.0.6"
      has-value "^1.0.0"
      isobject "^3.0.1"
      set-value "^2.0.0"
      to-object-path "^0.3.0"
      union-value "^1.0.0"
      unset-value "^1.0.0"
  
  callsite@1.0.0:
    version "1.0.0"
    resolved "https://registry.yarnpkg.com/callsite/-/callsite-1.0.0.tgz#280398e5d664bd74038b6f0905153e6e8af1bc20"
  
  chalk@^1.1.3:
    version "1.1.3"
    resolved "https://registry.yarnpkg.com/chalk/-/chalk-1.1.3.tgz#a8115c55e4a702fe4d150abd3872822a7e09fc98"
    dependencies:
      ansi-styles "^2.2.1"
      escape-string-regexp "^1.0.2"
      has-ansi "^2.0.0"
      strip-ansi "^3.0.0"
      supports-color "^2.0.0"
  
  chalk@^2.3.0:
    version "2.3.0"
    resolved "https://registry.yarnpkg.com/chalk/-/chalk-2.3.0.tgz#b5ea48efc9c1793dccc9b4767c93914d3f2d52ba"
    dependencies:
      ansi-styles "^3.1.0"
      escape-string-regexp "^1.0.5"
      supports-color "^4.0.0"
  
  class-utils@^0.3.5:
    version "0.3.5"
    resolved "https://registry.yarnpkg.com/class-utils/-/class-utils-0.3.5.tgz#17e793103750f9627b2176ea34cfd1b565903c80"
    dependencies:
      arr-union "^3.1.0"
      define-property "^0.2.5"
      isobject "^3.0.0"
      lazy-cache "^2.0.2"
      static-extend "^0.1.1"
  
  collection-visit@^1.0.0:
    version "1.0.0"
    resolved "https://registry.yarnpkg.com/collection-visit/-/collection-visit-1.0.0.tgz#4bc0373c164bc3291b4d368c829cf1a80a59dca0"
    dependencies:
      map-visit "^1.0.0"
      object-visit "^1.0.0"
  
  color-convert@^1.9.0:
    version "1.9.1"
    resolved "https://registry.yarnpkg.com/color-convert/-/color-convert-1.9.1.tgz#c1261107aeb2f294ebffec9ed9ecad529a6097ed"
    dependencies:
      color-name "^1.1.1"
  
  color-name@^1.1.1:
    version "1.1.3"
    resolved "https://registry.yarnpkg.com/color-name/-/color-name-1.1.3.tgz#a7d0558bd89c42f795dd42328f740831ca53bc25"
  
  colors@^1.1.2:
    version "1.1.2"
    resolved "https://registry.yarnpkg.com/colors/-/colors-1.1.2.tgz#168a4701756b6a7f51a12ce0c97bfa28c084ed63"
  
  commondir@^1.0.1:
    version "1.0.1"
    resolved "https://registry.yarnpkg.com/commondir/-/commondir-1.0.1.tgz#ddd800da0c66127393cca5950ea968a3aaf1253b"
  
  component-bind@1.0.0:
    version "1.0.0"
    resolved "https://registry.yarnpkg.com/component-bind/-/component-bind-1.0.0.tgz#00c608ab7dcd93897c0009651b1d3a8e1e73bbd1"
  
  component-emitter@1.2.1, component-emitter@^1.2.1:
    version "1.2.1"
    resolved "https://registry.yarnpkg.com/component-emitter/-/component-emitter-1.2.1.tgz#137918d6d78283f7df7a6b7c5a63e140e69425e6"
  
  component-inherit@0.0.3:
    version "0.0.3"
    resolved "https://registry.yarnpkg.com/component-inherit/-/component-inherit-0.0.3.tgz#645fc4adf58b72b649d5cae65135619db26ff143"
  
  concat-map@0.0.1:
    version "0.0.1"
    resolved "https://registry.yarnpkg.com/concat-map/-/concat-map-0.0.1.tgz#d8a96bd77fd68df7793a73036a3ba0d5405d477b"
  
  content-disposition@0.5.2:
    version "0.5.2"
    resolved "https://registry.yarnpkg.com/content-disposition/-/content-disposition-0.5.2.tgz#0cf68bb9ddf5f2be7961c3a85178cb85dba78cb4"
  
  content-type@~1.0.4:
    version "1.0.4"
    resolved "https://registry.yarnpkg.com/content-type/-/content-type-1.0.4.tgz#e138cc75e040c727b1966fe5e5f8c9aee256fe3b"
  
  convert-source-map@^1.5.0:
    version "1.5.1"
    resolved "https://registry.yarnpkg.com/convert-source-map/-/convert-source-map-1.5.1.tgz#b8278097b9bc229365de5c62cf5fcaed8b5599e5"
  
  cookie-signature@1.0.6:
    version "1.0.6"
    resolved "https://registry.yarnpkg.com/cookie-signature/-/cookie-signature-1.0.6.tgz#e303a882b342cc3ee8ca513a79999734dab3ae2c"
  
  cookie@0.3.1:
    version "0.3.1"
    resolved "https://registry.yarnpkg.com/cookie/-/cookie-0.3.1.tgz#e7e0a1f9ef43b4c8ba925c5c5a96e806d16873bb"
  
  copy-descriptor@^0.1.0:
    version "0.1.1"
    resolved "https://registry.yarnpkg.com/copy-descriptor/-/copy-descriptor-0.1.1.tgz#676f6eb3c39997c2ee1ac3a924fd6124748f578d"
  
  core-js@^1.0.0:
    version "1.2.7"
    resolved "https://registry.yarnpkg.com/core-js/-/core-js-1.2.7.tgz#652294c14651db28fa93bd2d5ff2983a4f08c636"
  
  core-js@^2.4.0, core-js@^2.5.0:
    version "2.5.3"
    resolved "https://registry.yarnpkg.com/core-js/-/core-js-2.5.3.tgz#8acc38345824f16d8365b7c9b4259168e8ed603e"
  
  core-util-is@~1.0.0:
    version "1.0.2"
    resolved "https://registry.yarnpkg.com/core-util-is/-/core-util-is-1.0.2.tgz#b5fd54220aa2bc5ab57aab7140c940754503c1a7"
  
  crc@3.4.4:
    version "3.4.4"
    resolved "https://registry.yarnpkg.com/crc/-/crc-3.4.4.tgz#9da1e980e3bd44fc5c93bf5ab3da3378d85e466b"
  
  css-color-keywords@^1.0.0:
    version "1.0.0"
    resolved "https://registry.yarnpkg.com/css-color-keywords/-/css-color-keywords-1.0.0.tgz#fea2616dc676b2962686b3af8dbdbe180b244e05"
  
  css-to-react-native@^2.0.3:
    version "2.0.4"
    resolved "https://registry.yarnpkg.com/css-to-react-native/-/css-to-react-native-2.0.4.tgz#cf4cc407558b3474d4ba8be1a2cd3b6ce713101b"
    dependencies:
      css-color-keywords "^1.0.0"
      fbjs "^0.8.5"
      postcss-value-parser "^3.3.0"
  
  debug@2.6.9, debug@^2.2.0, debug@^2.3.3, debug@^2.6.8, debug@~2.6.4, debug@~2.6.6, debug@~2.6.9:
    version "2.6.9"
    resolved "https://registry.yarnpkg.com/debug/-/debug-2.6.9.tgz#5d128515df134ff327e90a4c93f4e077a536341f"
    dependencies:
      ms "2.0.0"
  
  decode-uri-component@^0.2.0:
    version "0.2.0"
    resolved "https://registry.yarnpkg.com/decode-uri-component/-/decode-uri-component-0.2.0.tgz#eb3913333458775cb84cd1a1fae062106bb87545"
  
  define-property@^0.2.5:
    version "0.2.5"
    resolved "https://registry.yarnpkg.com/define-property/-/define-property-0.2.5.tgz#c35b1ef918ec3c990f9a5bc57be04aacec5c8116"
    dependencies:
      is-descriptor "^0.1.0"
  
  define-property@^1.0.0:
    version "1.0.0"
    resolved "https://registry.yarnpkg.com/define-property/-/define-property-1.0.0.tgz#769ebaaf3f4a63aad3af9e8d304c9bbe79bfb0e6"
    dependencies:
      is-descriptor "^1.0.0"
  
  depd@1.1.1, depd@~1.1.1:
    version "1.1.1"
    resolved "https://registry.yarnpkg.com/depd/-/depd-1.1.1.tgz#5783b4e1c459f06fa5ca27f991f3d06e7a310359"
  
  destroy@~1.0.4:
    version "1.0.4"
    resolved "https://registry.yarnpkg.com/destroy/-/destroy-1.0.4.tgz#978857442c44749e4206613e37946205826abd80"
  
  detect-indent@^4.0.0:
    version "4.0.0"
    resolved "https://registry.yarnpkg.com/detect-indent/-/detect-indent-4.0.0.tgz#f76d064352cdf43a1cb6ce619c4ee3a9475de208"
    dependencies:
      repeating "^2.0.0"
  
  double-ended-queue@^2.1.0-0:
    version "2.1.0-0"
    resolved "https://registry.yarnpkg.com/double-ended-queue/-/double-ended-queue-2.1.0-0.tgz#103d3527fd31528f40188130c841efdd78264e5c"
  
  ee-first@1.1.1:
    version "1.1.1"
    resolved "https://registry.yarnpkg.com/ee-first/-/ee-first-1.1.1.tgz#590c61156b0ae2f4f0255732a158b266bc56b21d"
  
  emojis-list@^2.0.0:
    version "2.1.0"
    resolved "https://registry.yarnpkg.com/emojis-list/-/emojis-list-2.1.0.tgz#4daa4d9db00f9819880c79fa457ae5b09a1fd389"
  
  encodeurl@~1.0.1:
    version "1.0.1"
    resolved "https://registry.yarnpkg.com/encodeurl/-/encodeurl-1.0.1.tgz#79e3d58655346909fe6f0f45a5de68103b294d20"
  
  encoding@^0.1.11:
    version "0.1.12"
    resolved "https://registry.yarnpkg.com/encoding/-/encoding-0.1.12.tgz#538b66f3ee62cd1ab51ec323829d1f9480c74beb"
    dependencies:
      iconv-lite "~0.4.13"
  
  engine.io-client@~3.1.0:
    version "3.1.4"
    resolved "https://registry.yarnpkg.com/engine.io-client/-/engine.io-client-3.1.4.tgz#4fcf1370b47163bd2ce9be2733972430350d4ea1"
    dependencies:
      component-emitter "1.2.1"
      component-inherit "0.0.3"
      debug "~2.6.9"
      engine.io-parser "~2.1.1"
      has-cors "1.1.0"
      indexof "0.0.1"
      parseqs "0.0.5"
      parseuri "0.0.5"
      ws "~3.3.1"
      xmlhttprequest-ssl "~1.5.4"
      yeast "0.1.2"
  
  engine.io-parser@~2.1.0, engine.io-parser@~2.1.1:
    version "2.1.2"
    resolved "https://registry.yarnpkg.com/engine.io-parser/-/engine.io-parser-2.1.2.tgz#4c0f4cff79aaeecbbdcfdea66a823c6085409196"
    dependencies:
      after "0.8.2"
      arraybuffer.slice "~0.0.7"
      base64-arraybuffer "0.1.5"
      blob "0.0.4"
      has-binary2 "~1.0.2"
  
  engine.io@~3.1.0:
    version "3.1.4"
    resolved "https://registry.yarnpkg.com/engine.io/-/engine.io-3.1.4.tgz#3d0211b70a552ce841ffc7da8627b301a9a4162e"
    dependencies:
      accepts "1.3.3"
      base64id "1.0.0"
      cookie "0.3.1"
      debug "~2.6.9"
      engine.io-parser "~2.1.0"
      ws "~3.3.1"
    optionalDependencies:
      uws "~0.14.4"
  
  enhanced-resolve@3.3.0:
    version "3.3.0"
    resolved "https://registry.yarnpkg.com/enhanced-resolve/-/enhanced-resolve-3.3.0.tgz#950964ecc7f0332a42321b673b38dc8ff15535b3"
    dependencies:
      graceful-fs "^4.1.2"
      memory-fs "^0.4.0"
      object-assign "^4.0.1"
      tapable "^0.2.5"
  
  enhanced-resolve@^3.0.0:
    version "3.4.1"
    resolved "https://registry.yarnpkg.com/enhanced-resolve/-/enhanced-resolve-3.4.1.tgz#0421e339fd71419b3da13d129b3979040230476e"
    dependencies:
      graceful-fs "^4.1.2"
      memory-fs "^0.4.0"
      object-assign "^4.0.1"
      tapable "^0.2.7"
  
  errno@^0.1.3:
    version "0.1.6"
    resolved "https://registry.yarnpkg.com/errno/-/errno-0.1.6.tgz#c386ce8a6283f14fc09563b71560908c9bf53026"
    dependencies:
      prr "~1.0.1"
  
  escape-html@~1.0.3:
    version "1.0.3"
    resolved "https://registry.yarnpkg.com/escape-html/-/escape-html-1.0.3.tgz#0258eae4d3d0c0974de1c169188ef0051d1d1988"
  
  escape-string-regexp@^1.0.2, escape-string-regexp@^1.0.5:
    version "1.0.5"
    resolved "https://registry.yarnpkg.com/escape-string-regexp/-/escape-string-regexp-1.0.5.tgz#1b61c0562190a8dff6ae3bb2cf0200ca130b86d4"
  
  esutils@^2.0.2:
    version "2.0.2"
    resolved "https://registry.yarnpkg.com/esutils/-/esutils-2.0.2.tgz#0abf4f1caa5bcb1f7a9d8acc6dea4faaa04bac9b"
  
  etag@~1.8.1:
    version "1.8.1"
    resolved "https://registry.yarnpkg.com/etag/-/etag-1.8.1.tgz#41ae2eeb65efa62268aebfea83ac7d79299b0887"
  
  expand-brackets@^2.1.4:
    version "2.1.4"
    resolved "https://registry.yarnpkg.com/expand-brackets/-/expand-brackets-2.1.4.tgz#b77735e315ce30f6b6eff0f83b04151a22449622"
    dependencies:
      debug "^2.3.3"
      define-property "^0.2.5"
      extend-shallow "^2.0.1"
      posix-character-classes "^0.1.0"
      regex-not "^1.0.0"
      snapdragon "^0.8.1"
      to-regex "^3.0.1"
  
  express-session@^1.15.6:
    version "1.15.6"
    resolved "https://registry.yarnpkg.com/express-session/-/express-session-1.15.6.tgz#47b4160c88f42ab70fe8a508e31cbff76757ab0a"
    dependencies:
      cookie "0.3.1"
      cookie-signature "1.0.6"
      crc "3.4.4"
      debug "2.6.9"
      depd "~1.1.1"
      on-headers "~1.0.1"
      parseurl "~1.3.2"
      uid-safe "~2.1.5"
      utils-merge "1.0.1"
  
  express@^4.16.2:
    version "4.16.2"
    resolved "https://registry.yarnpkg.com/express/-/express-4.16.2.tgz#e35c6dfe2d64b7dca0a5cd4f21781be3299e076c"
    dependencies:
      accepts "~1.3.4"
      array-flatten "1.1.1"
      body-parser "1.18.2"
      content-disposition "0.5.2"
      content-type "~1.0.4"
      cookie "0.3.1"
      cookie-signature "1.0.6"
      debug "2.6.9"
      depd "~1.1.1"
      encodeurl "~1.0.1"
      escape-html "~1.0.3"
      etag "~1.8.1"
      finalhandler "1.1.0"
      fresh "0.5.2"
      merge-descriptors "1.0.1"
      methods "~1.1.2"
      on-finished "~2.3.0"
      parseurl "~1.3.2"
      path-to-regexp "0.1.7"
      proxy-addr "~2.0.2"
      qs "6.5.1"
      range-parser "~1.2.0"
      safe-buffer "5.1.1"
      send "0.16.1"
      serve-static "1.13.1"
      setprototypeof "1.1.0"
      statuses "~1.3.1"
      type-is "~1.6.15"
      utils-merge "1.0.1"
      vary "~1.1.2"
  
  extend-shallow@^2.0.1:
    version "2.0.1"
    resolved "https://registry.yarnpkg.com/extend-shallow/-/extend-shallow-2.0.1.tgz#51af7d614ad9a9f610ea1bafbb989d6b1c56890f"
    dependencies:
      is-extendable "^0.1.0"
  
  extend-shallow@^3.0.0:
    version "3.0.2"
    resolved "https://registry.yarnpkg.com/extend-shallow/-/extend-shallow-3.0.2.tgz#26a71aaf073b39fb2127172746131c2704028db8"
    dependencies:
      assign-symbols "^1.0.0"
      is-extendable "^1.0.1"
  
  extglob@^2.0.2:
    version "2.0.3"
    resolved "https://registry.yarnpkg.com/extglob/-/extglob-2.0.3.tgz#55e019d0c95bf873949c737b7e5172dba84ebb29"
    dependencies:
      array-unique "^0.3.2"
      define-property "^1.0.0"
      expand-brackets "^2.1.4"
      extend-shallow "^2.0.1"
      fragment-cache "^0.2.1"
      regex-not "^1.0.0"
      snapdragon "^0.8.1"
      to-regex "^3.0.1"
  
  fbjs@^0.8.16, fbjs@^0.8.5, fbjs@^0.8.9:
    version "0.8.16"
    resolved "https://registry.yarnpkg.com/fbjs/-/fbjs-0.8.16.tgz#5e67432f550dc41b572bf55847b8aca64e5337db"
    dependencies:
      core-js "^1.0.0"
      isomorphic-fetch "^2.1.1"
      loose-envify "^1.0.0"
      object-assign "^4.1.0"
      promise "^7.1.1"
      setimmediate "^1.0.5"
      ua-parser-js "^0.7.9"
  
  fill-range@^4.0.0:
    version "4.0.0"
    resolved "https://registry.yarnpkg.com/fill-range/-/fill-range-4.0.0.tgz#d544811d428f98eb06a63dc402d2403c328c38f7"
    dependencies:
      extend-shallow "^2.0.1"
      is-number "^3.0.0"
      repeat-string "^1.6.1"
      to-regex-range "^2.1.0"
  
  finalhandler@1.1.0:
    version "1.1.0"
    resolved "https://registry.yarnpkg.com/finalhandler/-/finalhandler-1.1.0.tgz#ce0b6855b45853e791b2fcc680046d88253dd7f5"
    dependencies:
      debug "2.6.9"
      encodeurl "~1.0.1"
      escape-html "~1.0.3"
      on-finished "~2.3.0"
      parseurl "~1.3.2"
      statuses "~1.3.1"
      unpipe "~1.0.0"
  
  find-cache-dir@^0.1.1:
    version "0.1.1"
    resolved "https://registry.yarnpkg.com/find-cache-dir/-/find-cache-dir-0.1.1.tgz#c8defae57c8a52a8a784f9e31c57c742e993a0b9"
    dependencies:
      commondir "^1.0.1"
      mkdirp "^0.5.1"
      pkg-dir "^1.0.0"
  
  find-up@^1.0.0:
    version "1.1.2"
    resolved "https://registry.yarnpkg.com/find-up/-/find-up-1.1.2.tgz#6b2e9822b1a2ce0a60ab64d610eccad53cb24d0f"
    dependencies:
      path-exists "^2.0.0"
      pinkie-promise "^2.0.0"
  
  for-in@^1.0.2:
    version "1.0.2"
    resolved "https://registry.yarnpkg.com/for-in/-/for-in-1.0.2.tgz#81068d295a8142ec0ac726c6e2200c30fb6d5e80"
  
  forwarded@~0.1.2:
    version "0.1.2"
    resolved "https://registry.yarnpkg.com/forwarded/-/forwarded-0.1.2.tgz#98c23dab1175657b8c0573e8ceccd91b0ff18c84"
  
  fragment-cache@^0.2.1:
    version "0.2.1"
    resolved "https://registry.yarnpkg.com/fragment-cache/-/fragment-cache-0.2.1.tgz#4290fad27f13e89be7f33799c6bc5a0abfff0d19"
    dependencies:
      map-cache "^0.2.2"
  
  fresh@0.5.2:
    version "0.5.2"
    resolved "https://registry.yarnpkg.com/fresh/-/fresh-0.5.2.tgz#3d8cadd90d976569fa835ab1f8e4b23a105605a7"
  
  get-value@^2.0.3, get-value@^2.0.6:
    version "2.0.6"
    resolved "https://registry.yarnpkg.com/get-value/-/get-value-2.0.6.tgz#dc15ca1c672387ca76bd37ac0a395ba2042a2c28"
  
  globals@^9.18.0:
    version "9.18.0"
    resolved "https://registry.yarnpkg.com/globals/-/globals-9.18.0.tgz#aa3896b3e69b487f17e31ed2143d69a8e30c2d8a"
  
  graceful-fs@^4.1.2:
    version "4.1.11"
    resolved "https://registry.yarnpkg.com/graceful-fs/-/graceful-fs-4.1.11.tgz#0e8bdfe4d1ddb8854d64e04ea7c00e2a026e5658"
  
  has-ansi@^2.0.0:
    version "2.0.0"
    resolved "https://registry.yarnpkg.com/has-ansi/-/has-ansi-2.0.0.tgz#34f5049ce1ecdf2b0649af3ef24e45ed35416d91"
    dependencies:
      ansi-regex "^2.0.0"
  
  has-binary2@~1.0.2:
    version "1.0.2"
    resolved "https://registry.yarnpkg.com/has-binary2/-/has-binary2-1.0.2.tgz#e83dba49f0b9be4d026d27365350d9f03f54be98"
    dependencies:
      isarray "2.0.1"
  
  has-cors@1.1.0:
    version "1.1.0"
    resolved "https://registry.yarnpkg.com/has-cors/-/has-cors-1.1.0.tgz#5e474793f7ea9843d1bb99c23eef49ff126fff39"
  
  has-flag@^1.0.0:
    version "1.0.0"
    resolved "https://registry.yarnpkg.com/has-flag/-/has-flag-1.0.0.tgz#9d9e793165ce017a00f00418c43f942a7b1d11fa"
  
  has-flag@^2.0.0:
    version "2.0.0"
    resolved "https://registry.yarnpkg.com/has-flag/-/has-flag-2.0.0.tgz#e8207af1cc7b30d446cc70b734b5e8be18f88d51"
  
  has-value@^0.3.1:
    version "0.3.1"
    resolved "https://registry.yarnpkg.com/has-value/-/has-value-0.3.1.tgz#7b1f58bada62ca827ec0a2078025654845995e1f"
    dependencies:
      get-value "^2.0.3"
      has-values "^0.1.4"
      isobject "^2.0.0"
  
  has-value@^1.0.0:
    version "1.0.0"
    resolved "https://registry.yarnpkg.com/has-value/-/has-value-1.0.0.tgz#18b281da585b1c5c51def24c930ed29a0be6b177"
    dependencies:
      get-value "^2.0.6"
      has-values "^1.0.0"
      isobject "^3.0.0"
  
  has-values@^0.1.4:
    version "0.1.4"
    resolved "https://registry.yarnpkg.com/has-values/-/has-values-0.1.4.tgz#6d61de95d91dfca9b9a02089ad384bff8f62b771"
  
  has-values@^1.0.0:
    version "1.0.0"
    resolved "https://registry.yarnpkg.com/has-values/-/has-values-1.0.0.tgz#95b0b63fec2146619a6fe57fe75628d5a39efe4f"
    dependencies:
      is-number "^3.0.0"
      kind-of "^4.0.0"
  
  history@^4.7.2:
    version "4.7.2"
    resolved "https://registry.yarnpkg.com/history/-/history-4.7.2.tgz#22b5c7f31633c5b8021c7f4a8a954ac139ee8d5b"
    dependencies:
      invariant "^2.2.1"
      loose-envify "^1.2.0"
      resolve-pathname "^2.2.0"
      value-equal "^0.4.0"
      warning "^3.0.0"
  
  hoist-non-react-statics@^1.2.0:
    version "1.2.0"
    resolved "https://registry.yarnpkg.com/hoist-non-react-statics/-/hoist-non-react-statics-1.2.0.tgz#aa448cf0986d55cc40773b17174b7dd066cb7cfb"
  
  hoist-non-react-statics@^2.2.1, hoist-non-react-statics@^2.3.0:
    version "2.3.1"
    resolved "https://registry.yarnpkg.com/hoist-non-react-statics/-/hoist-non-react-statics-2.3.1.tgz#343db84c6018c650778898240135a1420ee22ce0"
  
  home-or-tmp@^2.0.0:
    version "2.0.0"
    resolved "https://registry.yarnpkg.com/home-or-tmp/-/home-or-tmp-2.0.0.tgz#e36c3f2d2cae7d746a857e38d18d5f32a7882db8"
    dependencies:
      os-homedir "^1.0.0"
      os-tmpdir "^1.0.1"
  
  http-errors@1.6.2, http-errors@~1.6.2:
    version "1.6.2"
    resolved "https://registry.yarnpkg.com/http-errors/-/http-errors-1.6.2.tgz#0a002cc85707192a7e7946ceedc11155f60ec736"
    dependencies:
      depd "1.1.1"
      inherits "2.0.3"
      setprototypeof "1.0.3"
      statuses ">= 1.3.1 < 2"
  
  iconv-lite@0.4.19, iconv-lite@~0.4.13:
    version "0.4.19"
    resolved "https://registry.yarnpkg.com/iconv-lite/-/iconv-lite-0.4.19.tgz#f7468f60135f5e5dad3399c0a81be9a1603a082b"
  
  ieee754@^1.1.4:
    version "1.1.8"
    resolved "https://registry.yarnpkg.com/ieee754/-/ieee754-1.1.8.tgz#be33d40ac10ef1926701f6f08a2d86fbfd1ad3e4"
  
  indexof@0.0.1:
    version "0.0.1"
    resolved "https://registry.yarnpkg.com/indexof/-/indexof-0.0.1.tgz#82dc336d232b9062179d05ab3293a66059fd435d"
  
  inherits@2.0.3, inherits@~2.0.3:
    version "2.0.3"
    resolved "https://registry.yarnpkg.com/inherits/-/inherits-2.0.3.tgz#633c2c83e3da42a502f52466022480f4208261de"
  
  invariant@^2.0.0, invariant@^2.2.1, invariant@^2.2.2:
    version "2.2.2"
    resolved "https://registry.yarnpkg.com/invariant/-/invariant-2.2.2.tgz#9e1f56ac0acdb6bf303306f338be3b204ae60360"
    dependencies:
      loose-envify "^1.0.0"
  
  ipaddr.js@1.5.2:
    version "1.5.2"
    resolved "https://registry.yarnpkg.com/ipaddr.js/-/ipaddr.js-1.5.2.tgz#d4b505bde9946987ccf0fc58d9010ff9607e3fa0"
  
  is-accessor-descriptor@^0.1.6:
    version "0.1.6"
    resolved "https://registry.yarnpkg.com/is-accessor-descriptor/-/is-accessor-descriptor-0.1.6.tgz#a9e12cb3ae8d876727eeef3843f8a0897b5c98d6"
    dependencies:
      kind-of "^3.0.2"
  
  is-accessor-descriptor@^1.0.0:
    version "1.0.0"
    resolved "https://registry.yarnpkg.com/is-accessor-descriptor/-/is-accessor-descriptor-1.0.0.tgz#169c2f6d3df1f992618072365c9b0ea1f6878656"
    dependencies:
      kind-of "^6.0.0"
  
  is-buffer@^1.1.5:
    version "1.1.6"
    resolved "https://registry.yarnpkg.com/is-buffer/-/is-buffer-1.1.6.tgz#efaa2ea9daa0d7ab2ea13a97b2b8ad51fefbe8be"
  
  is-data-descriptor@^0.1.4:
    version "0.1.4"
    resolved "https://registry.yarnpkg.com/is-data-descriptor/-/is-data-descriptor-0.1.4.tgz#0b5ee648388e2c860282e793f1856fec3f301b56"
    dependencies:
      kind-of "^3.0.2"
  
  is-data-descriptor@^1.0.0:
    version "1.0.0"
    resolved "https://registry.yarnpkg.com/is-data-descriptor/-/is-data-descriptor-1.0.0.tgz#d84876321d0e7add03990406abbbbd36ba9268c7"
    dependencies:
      kind-of "^6.0.0"
  
  is-descriptor@^0.1.0:
    version "0.1.6"
    resolved "https://registry.yarnpkg.com/is-descriptor/-/is-descriptor-0.1.6.tgz#366d8240dde487ca51823b1ab9f07a10a78251ca"
    dependencies:
      is-accessor-descriptor "^0.1.6"
      is-data-descriptor "^0.1.4"
      kind-of "^5.0.0"
  
  is-descriptor@^1.0.0:
    version "1.0.2"
    resolved "https://registry.yarnpkg.com/is-descriptor/-/is-descriptor-1.0.2.tgz#3b159746a66604b04f8c81524ba365c5f14d86ec"
    dependencies:
      is-accessor-descriptor "^1.0.0"
      is-data-descriptor "^1.0.0"
      kind-of "^6.0.2"
  
  is-extendable@^0.1.0, is-extendable@^0.1.1:
    version "0.1.1"
    resolved "https://registry.yarnpkg.com/is-extendable/-/is-extendable-0.1.1.tgz#62b110e289a471418e3ec36a617d472e301dfc89"
  
  is-extendable@^1.0.1:
    version "1.0.1"
    resolved "https://registry.yarnpkg.com/is-extendable/-/is-extendable-1.0.1.tgz#a7470f9e426733d81bd81e1155264e3a3507cab4"
    dependencies:
      is-plain-object "^2.0.4"
  
  is-finite@^1.0.0:
    version "1.0.2"
    resolved "https://registry.yarnpkg.com/is-finite/-/is-finite-1.0.2.tgz#cc6677695602be550ef11e8b4aa6305342b6d0aa"
    dependencies:
      number-is-nan "^1.0.0"
  
  is-number@^3.0.0:
    version "3.0.0"
    resolved "https://registry.yarnpkg.com/is-number/-/is-number-3.0.0.tgz#24fd6201a4782cf50561c810276afc7d12d71195"
    dependencies:
      kind-of "^3.0.2"
  
  is-odd@^1.0.0:
    version "1.0.0"
    resolved "https://registry.yarnpkg.com/is-odd/-/is-odd-1.0.0.tgz#3b8a932eb028b3775c39bb09e91767accdb69088"
    dependencies:
      is-number "^3.0.0"
  
  is-plain-object@^2.0.1, is-plain-object@^2.0.3, is-plain-object@^2.0.4:
    version "2.0.4"
    resolved "https://registry.yarnpkg.com/is-plain-object/-/is-plain-object-2.0.4.tgz#2c163b3fafb1b606d9d17928f05c2a1c38e07677"
    dependencies:
      isobject "^3.0.1"
  
  is-stream@^1.0.1:
    version "1.1.0"
    resolved "https://registry.yarnpkg.com/is-stream/-/is-stream-1.1.0.tgz#12d4a3dd4e68e0b79ceb8dbc84173ae80d91ca44"
  
  isarray@0.0.1:
    version "0.0.1"
    resolved "https://registry.yarnpkg.com/isarray/-/isarray-0.0.1.tgz#8a18acfca9a8f4177e09abfc6038939b05d1eedf"
  
  isarray@1.0.0, isarray@~1.0.0:
    version "1.0.0"
    resolved "https://registry.yarnpkg.com/isarray/-/isarray-1.0.0.tgz#bb935d48582cba168c06834957a54a3e07124f11"
  
  isarray@2.0.1:
    version "2.0.1"
    resolved "https://registry.yarnpkg.com/isarray/-/isarray-2.0.1.tgz#a37d94ed9cda2d59865c9f76fe596ee1f338741e"
  
  isobject@^2.0.0:
    version "2.1.0"
    resolved "https://registry.yarnpkg.com/isobject/-/isobject-2.1.0.tgz#f065561096a3f1da2ef46272f815c840d87e0c89"
    dependencies:
      isarray "1.0.0"
  
  isobject@^3.0.0, isobject@^3.0.1:
    version "3.0.1"
    resolved "https://registry.yarnpkg.com/isobject/-/isobject-3.0.1.tgz#4e431e92b11a9731636aa1f9c8d1ccbcfdab78df"
  
  isomorphic-fetch@^2.1.1:
    version "2.2.1"
    resolved "https://registry.yarnpkg.com/isomorphic-fetch/-/isomorphic-fetch-2.2.1.tgz#611ae1acf14f5e81f729507472819fe9733558a9"
    dependencies:
      node-fetch "^1.0.1"
      whatwg-fetch ">=0.10.0"
  
  js-tokens@^3.0.0, js-tokens@^3.0.2:
    version "3.0.2"
    resolved "https://registry.yarnpkg.com/js-tokens/-/js-tokens-3.0.2.tgz#9866df395102130e38f7f996bceb65443209c25b"
  
  jsesc@^1.3.0:
    version "1.3.0"
    resolved "https://registry.yarnpkg.com/jsesc/-/jsesc-1.3.0.tgz#46c3fec8c1892b12b0833db9bc7622176dbab34b"
  
  jsesc@~0.5.0:
    version "0.5.0"
    resolved "https://registry.yarnpkg.com/jsesc/-/jsesc-0.5.0.tgz#e7dee66e35d6fc16f710fe91d5cf69f70f08911d"
  
  json5@^0.5.0, json5@^0.5.1:
    version "0.5.1"
    resolved "https://registry.yarnpkg.com/json5/-/json5-0.5.1.tgz#1eade7acc012034ad84e2396767ead9fa5495821"
  
  kind-of@^3.0.2, kind-of@^3.0.3, kind-of@^3.2.0:
    version "3.2.2"
    resolved "https://registry.yarnpkg.com/kind-of/-/kind-of-3.2.2.tgz#31ea21a734bab9bbb0f32466d893aea51e4a3c64"
    dependencies:
      is-buffer "^1.1.5"
  
  kind-of@^4.0.0:
    version "4.0.0"
    resolved "https://registry.yarnpkg.com/kind-of/-/kind-of-4.0.0.tgz#20813df3d712928b207378691a45066fae72dd57"
    dependencies:
      is-buffer "^1.1.5"
  
  kind-of@^5.0.0, kind-of@^5.0.2:
    version "5.1.0"
    resolved "https://registry.yarnpkg.com/kind-of/-/kind-of-5.1.0.tgz#729c91e2d857b7a419a1f9aa65685c4c33f5845d"
  
  kind-of@^6.0.0, kind-of@^6.0.2:
    version "6.0.2"
    resolved "https://registry.yarnpkg.com/kind-of/-/kind-of-6.0.2.tgz#01146b36a6218e64e58f3a8d66de5d7fc6f6d051"
  
  lazy-cache@^2.0.2:
    version "2.0.2"
    resolved "https://registry.yarnpkg.com/lazy-cache/-/lazy-cache-2.0.2.tgz#b9190a4f913354694840859f8a8f7084d8822264"
    dependencies:
      set-getter "^0.1.0"
  
  loader-utils@^0.2.16, loader-utils@~0.2.2:
    version "0.2.17"
    resolved "https://registry.yarnpkg.com/loader-utils/-/loader-utils-0.2.17.tgz#f86e6374d43205a6e6c60e9196f17c0299bfb348"
    dependencies:
      big.js "^3.1.3"
      emojis-list "^2.0.0"
      json5 "^0.5.0"
      object-assign "^4.0.1"
  
  loader-utils@^1.0.2, loader-utils@^1.1.0:
    version "1.1.0"
    resolved "https://registry.yarnpkg.com/loader-utils/-/loader-utils-1.1.0.tgz#c98aef488bcceda2ffb5e2de646d6a754429f5cd"
    dependencies:
      big.js "^3.1.3"
      emojis-list "^2.0.0"
      json5 "^0.5.0"
  
  lodash-es@^4.2.0, lodash-es@^4.2.1:
    version "4.17.4"
    resolved "https://registry.yarnpkg.com/lodash-es/-/lodash-es-4.17.4.tgz#dcc1d7552e150a0640073ba9cb31d70f032950e7"
  
  lodash@^4.14.0, lodash@^4.17.4, lodash@^4.2.0, lodash@^4.2.1:
    version "4.17.4"
    resolved "https://registry.yarnpkg.com/lodash/-/lodash-4.17.4.tgz#78203a4d1c328ae1d86dca6460e369b57f4055ae"
  
  loose-envify@^1.0.0, loose-envify@^1.1.0, loose-envify@^1.2.0, loose-envify@^1.3.1:
    version "1.3.1"
    resolved "https://registry.yarnpkg.com/loose-envify/-/loose-envify-1.3.1.tgz#d1a8ad33fa9ce0e713d65fdd0ac8b748d478c848"
    dependencies:
      js-tokens "^3.0.0"
  
  map-cache@^0.2.2:
    version "0.2.2"
    resolved "https://registry.yarnpkg.com/map-cache/-/map-cache-0.2.2.tgz#c32abd0bd6525d9b051645bb4f26ac5dc98a0dbf"
  
  map-visit@^1.0.0:
    version "1.0.0"
    resolved "https://registry.yarnpkg.com/map-visit/-/map-visit-1.0.0.tgz#ecdca8f13144e660f1b5bd41f12f3479d98dfb8f"
    dependencies:
      object-visit "^1.0.0"
  
  media-typer@0.3.0:
    version "0.3.0"
    resolved "https://registry.yarnpkg.com/media-typer/-/media-typer-0.3.0.tgz#8710d7af0aa626f8fffa1ce00168545263255748"
  
  memory-fs@^0.4.0:
    version "0.4.1"
    resolved "https://registry.yarnpkg.com/memory-fs/-/memory-fs-0.4.1.tgz#3a9a20b8462523e447cfbc7e8bb80ed667bfc552"
    dependencies:
      errno "^0.1.3"
      readable-stream "^2.0.1"
  
  merge-descriptors@1.0.1:
    version "1.0.1"
    resolved "https://registry.yarnpkg.com/merge-descriptors/-/merge-descriptors-1.0.1.tgz#b00aaa556dd8b44568150ec9d1b953f3f90cbb61"
  
  methods@~1.1.2:
    version "1.1.2"
    resolved "https://registry.yarnpkg.com/methods/-/methods-1.1.2.tgz#5529a4d67654134edcc5266656835b0f851afcee"
  
  micromatch@^3.0.3:
    version "3.1.5"
    resolved "https://registry.yarnpkg.com/micromatch/-/micromatch-3.1.5.tgz#d05e168c206472dfbca985bfef4f57797b4cd4ba"
    dependencies:
      arr-diff "^4.0.0"
      array-unique "^0.3.2"
      braces "^2.3.0"
      define-property "^1.0.0"
      extend-shallow "^2.0.1"
      extglob "^2.0.2"
      fragment-cache "^0.2.1"
      kind-of "^6.0.0"
      nanomatch "^1.2.5"
      object.pick "^1.3.0"
      regex-not "^1.0.0"
      snapdragon "^0.8.1"
      to-regex "^3.0.1"
  
  mime-db@~1.30.0:
    version "1.30.0"
    resolved "https://registry.yarnpkg.com/mime-db/-/mime-db-1.30.0.tgz#74c643da2dd9d6a45399963465b26d5ca7d71f01"
  
  mime-types@~2.1.11, mime-types@~2.1.15, mime-types@~2.1.16:
    version "2.1.17"
    resolved "https://registry.yarnpkg.com/mime-types/-/mime-types-2.1.17.tgz#09d7a393f03e995a79f8af857b70a9e0ab16557a"
    dependencies:
      mime-db "~1.30.0"
  
  mime@1.4.1:
    version "1.4.1"
    resolved "https://registry.yarnpkg.com/mime/-/mime-1.4.1.tgz#121f9ebc49e3766f311a76e1fa1c8003c4b03aa6"
  
  minimatch@^3.0.4:
    version "3.0.4"
    resolved "https://registry.yarnpkg.com/minimatch/-/minimatch-3.0.4.tgz#5166e286457f03306064be5497e8dbb0c3d32083"
    dependencies:
      brace-expansion "^1.1.7"
  
  minimist@0.0.8:
    version "0.0.8"
    resolved "https://registry.yarnpkg.com/minimist/-/minimist-0.0.8.tgz#857fcabfc3397d2625b8228262e86aa7a011b05d"
  
  mixin-deep@^1.2.0:
    version "1.3.0"
    resolved "https://registry.yarnpkg.com/mixin-deep/-/mixin-deep-1.3.0.tgz#47a8732ba97799457c8c1eca28f95132d7e8150a"
    dependencies:
      for-in "^1.0.2"
      is-extendable "^1.0.1"
  
  mkdirp@^0.5.1:
    version "0.5.1"
    resolved "https://registry.yarnpkg.com/mkdirp/-/mkdirp-0.5.1.tgz#30057438eac6cf7f8c4767f38648d6697d75c903"
    dependencies:
      minimist "0.0.8"
  
  ms@2.0.0:
    version "2.0.0"
    resolved "https://registry.yarnpkg.com/ms/-/ms-2.0.0.tgz#5608aeadfc00be6c2901df5f9861788de0d597c8"
  
  nanomatch@^1.2.5:
    version "1.2.7"
    resolved "https://registry.yarnpkg.com/nanomatch/-/nanomatch-1.2.7.tgz#53cd4aa109ff68b7f869591fdc9d10daeeea3e79"
    dependencies:
      arr-diff "^4.0.0"
      array-unique "^0.3.2"
      define-property "^1.0.0"
      extend-shallow "^2.0.1"
      fragment-cache "^0.2.1"
      is-odd "^1.0.0"
      kind-of "^5.0.2"
      object.pick "^1.3.0"
      regex-not "^1.0.0"
      snapdragon "^0.8.1"
      to-regex "^3.0.1"
  
  negotiator@0.6.1:
    version "0.6.1"
    resolved "https://registry.yarnpkg.com/negotiator/-/negotiator-0.6.1.tgz#2b327184e8992101177b28563fb5e7102acd0ca9"
  
  node-fetch@^1.0.1:
    version "1.7.3"
    resolved "https://registry.yarnpkg.com/node-fetch/-/node-fetch-1.7.3.tgz#980f6f72d85211a5347c6b2bc18c5b84c3eb47ef"
    dependencies:
      encoding "^0.1.11"
      is-stream "^1.0.1"
  
  number-is-nan@^1.0.0:
    version "1.0.1"
    resolved "https://registry.yarnpkg.com/number-is-nan/-/number-is-nan-1.0.1.tgz#097b602b53422a522c1afb8790318336941a011d"
  
  object-assign@^4.0.1, object-assign@^4.1.0, object-assign@^4.1.1:
    version "4.1.1"
    resolved "https://registry.yarnpkg.com/object-assign/-/object-assign-4.1.1.tgz#2109adc7965887cfc05cbbd442cac8bfbb360863"
  
  object-component@0.0.3:
    version "0.0.3"
    resolved "https://registry.yarnpkg.com/object-component/-/object-component-0.0.3.tgz#f0c69aa50efc95b866c186f400a33769cb2f1291"
  
  object-copy@^0.1.0:
    version "0.1.0"
    resolved "https://registry.yarnpkg.com/object-copy/-/object-copy-0.1.0.tgz#7e7d858b781bd7c991a41ba975ed3812754e998c"
    dependencies:
      copy-descriptor "^0.1.0"
      define-property "^0.2.5"
      kind-of "^3.0.3"
  
  object-visit@^1.0.0:
    version "1.0.1"
    resolved "https://registry.yarnpkg.com/object-visit/-/object-visit-1.0.1.tgz#f79c4493af0c5377b59fe39d395e41042dd045bb"
    dependencies:
      isobject "^3.0.0"
  
  object.pick@^1.3.0:
    version "1.3.0"
    resolved "https://registry.yarnpkg.com/object.pick/-/object.pick-1.3.0.tgz#87a10ac4c1694bd2e1cbf53591a66141fb5dd747"
    dependencies:
      isobject "^3.0.1"
  
  on-finished@~2.3.0:
    version "2.3.0"
    resolved "https://registry.yarnpkg.com/on-finished/-/on-finished-2.3.0.tgz#20f1336481b083cd75337992a16971aa2d906947"
    dependencies:
      ee-first "1.1.1"
  
  on-headers@~1.0.1:
    version "1.0.1"
    resolved "https://registry.yarnpkg.com/on-headers/-/on-headers-1.0.1.tgz#928f5d0f470d49342651ea6794b0857c100693f7"
  
  os-homedir@^1.0.0:
    version "1.0.2"
    resolved "https://registry.yarnpkg.com/os-homedir/-/os-homedir-1.0.2.tgz#ffbc4988336e0e833de0c168c7ef152121aa7fb3"
  
  os-tmpdir@^1.0.1:
    version "1.0.2"
    resolved "https://registry.yarnpkg.com/os-tmpdir/-/os-tmpdir-1.0.2.tgz#bbe67406c79aa85c5cfec766fe5734555dfa1274"
  
  parseqs@0.0.5:
    version "0.0.5"
    resolved "https://registry.yarnpkg.com/parseqs/-/parseqs-0.0.5.tgz#d5208a3738e46766e291ba2ea173684921a8b89d"
    dependencies:
      better-assert "~1.0.0"
  
  parseuri@0.0.5:
    version "0.0.5"
    resolved "https://registry.yarnpkg.com/parseuri/-/parseuri-0.0.5.tgz#80204a50d4dbb779bfdc6ebe2778d90e4bce320a"
    dependencies:
      better-assert "~1.0.0"
  
  parseurl@~1.3.2:
    version "1.3.2"
    resolved "https://registry.yarnpkg.com/parseurl/-/parseurl-1.3.2.tgz#fc289d4ed8993119460c156253262cdc8de65bf3"
  
  pascalcase@^0.1.1:
    version "0.1.1"
    resolved "https://registry.yarnpkg.com/pascalcase/-/pascalcase-0.1.1.tgz#b363e55e8006ca6fe21784d2db22bd15d7917f14"
  
  path-exists@^2.0.0:
    version "2.1.0"
    resolved "https://registry.yarnpkg.com/path-exists/-/path-exists-2.1.0.tgz#0feb6c64f0fc518d9a754dd5efb62c7022761f4b"
    dependencies:
      pinkie-promise "^2.0.0"
  
  path-is-absolute@^1.0.1:
    version "1.0.1"
    resolved "https://registry.yarnpkg.com/path-is-absolute/-/path-is-absolute-1.0.1.tgz#174b9268735534ffbc7ace6bf53a5a9e1b5c5f5f"
  
  path-to-regexp@0.1.7:
    version "0.1.7"
    resolved "https://registry.yarnpkg.com/path-to-regexp/-/path-to-regexp-0.1.7.tgz#df604178005f522f15eb4490e7247a1bfaa67f8c"
  
  path-to-regexp@^1.7.0:
    version "1.7.0"
    resolved "https://registry.yarnpkg.com/path-to-regexp/-/path-to-regexp-1.7.0.tgz#59fde0f435badacba103a84e9d3bc64e96b9937d"
    dependencies:
      isarray "0.0.1"
  
  pinkie-promise@^2.0.0:
    version "2.0.1"
    resolved "https://registry.yarnpkg.com/pinkie-promise/-/pinkie-promise-2.0.1.tgz#2135d6dfa7a358c069ac9b178776288228450ffa"
    dependencies:
      pinkie "^2.0.0"
  
  pinkie@^2.0.0:
    version "2.0.4"
    resolved "https://registry.yarnpkg.com/pinkie/-/pinkie-2.0.4.tgz#72556b80cfa0d48a974e80e77248e80ed4f7f870"
  
  pkg-dir@^1.0.0:
    version "1.0.0"
    resolved "https://registry.yarnpkg.com/pkg-dir/-/pkg-dir-1.0.0.tgz#7a4b508a8d5bb2d629d447056ff4e9c9314cf3d4"
    dependencies:
      find-up "^1.0.0"
  
  posix-character-classes@^0.1.0:
    version "0.1.1"
    resolved "https://registry.yarnpkg.com/posix-character-classes/-/posix-character-classes-0.1.1.tgz#01eac0fe3b5af71a2a6c02feabb8c1fef7e00eab"
  
  postcss-value-parser@^3.3.0:
    version "3.3.0"
    resolved "https://registry.yarnpkg.com/postcss-value-parser/-/postcss-value-parser-3.3.0.tgz#87f38f9f18f774a4ab4c8a232f5c5ce8872a9d15"
  
  private@^0.1.6, private@^0.1.7:
    version "0.1.8"
    resolved "https://registry.yarnpkg.com/private/-/private-0.1.8.tgz#2381edb3689f7a53d653190060fcf822d2f368ff"
  
  process-nextick-args@~1.0.6:
    version "1.0.7"
    resolved "https://registry.yarnpkg.com/process-nextick-args/-/process-nextick-args-1.0.7.tgz#150e20b756590ad3f91093f25a4f2ad8bff30ba3"
  
  promise@^7.1.1:
    version "7.3.1"
    resolved "https://registry.yarnpkg.com/promise/-/promise-7.3.1.tgz#064b72602b18f90f29192b8b1bc418ffd1ebd3bf"
    dependencies:
      asap "~2.0.3"
  
  prop-types@^15.5.10, prop-types@^15.5.4, prop-types@^15.6.0:
    version "15.6.0"
    resolved "https://registry.yarnpkg.com/prop-types/-/prop-types-15.6.0.tgz#ceaf083022fc46b4a35f69e13ef75aed0d639856"
    dependencies:
      fbjs "^0.8.16"
      loose-envify "^1.3.1"
      object-assign "^4.1.1"
  
  proxy-addr@~2.0.2:
    version "2.0.2"
    resolved "https://registry.yarnpkg.com/proxy-addr/-/proxy-addr-2.0.2.tgz#6571504f47bb988ec8180253f85dd7e14952bdec"
    dependencies:
      forwarded "~0.1.2"
      ipaddr.js "1.5.2"
  
  prr@~1.0.1:
    version "1.0.1"
    resolved "https://registry.yarnpkg.com/prr/-/prr-1.0.1.tgz#d3fc114ba06995a45ec6893f484ceb1d78f5f476"
  
  qs@6.5.1:
    version "6.5.1"
    resolved "https://registry.yarnpkg.com/qs/-/qs-6.5.1.tgz#349cdf6eef89ec45c12d7d5eb3fc0c870343a6d8"
  
  random-bytes@~1.0.0:
    version "1.0.0"
    resolved "https://registry.yarnpkg.com/random-bytes/-/random-bytes-1.0.0.tgz#4f68a1dc0ae58bd3fb95848c30324db75d64360b"
  
  range-parser@~1.2.0:
    version "1.2.0"
    resolved "https://registry.yarnpkg.com/range-parser/-/range-parser-1.2.0.tgz#f49be6b487894ddc40dcc94a322f611092e00d5e"
  
  raw-body@2.3.2:
    version "2.3.2"
    resolved "https://registry.yarnpkg.com/raw-body/-/raw-body-2.3.2.tgz#bcd60c77d3eb93cde0050295c3f379389bc88f89"
    dependencies:
      bytes "3.0.0"
      http-errors "1.6.2"
      iconv-lite "0.4.19"
      unpipe "1.0.0"
  
  react-dom@^16.2.0:
    version "16.2.0"
    resolved "https://registry.yarnpkg.com/react-dom/-/react-dom-16.2.0.tgz#69003178601c0ca19b709b33a83369fe6124c044"
    dependencies:
      fbjs "^0.8.16"
      loose-envify "^1.1.0"
      object-assign "^4.1.1"
      prop-types "^15.6.0"
  
  react-redux@^5.0.6:
    version "5.0.6"
    resolved "https://registry.yarnpkg.com/react-redux/-/react-redux-5.0.6.tgz#23ed3a4f986359d68b5212eaaa681e60d6574946"
    dependencies:
      hoist-non-react-statics "^2.2.1"
      invariant "^2.0.0"
      lodash "^4.2.0"
      lodash-es "^4.2.0"
      loose-envify "^1.1.0"
      prop-types "^15.5.10"
  
  react-router@^4.2.0:
    version "4.2.0"
    resolved "https://registry.yarnpkg.com/react-router/-/react-router-4.2.0.tgz#61f7b3e3770daeb24062dae3eedef1b054155986"
    dependencies:
      history "^4.7.2"
      hoist-non-react-statics "^2.3.0"
      invariant "^2.2.2"
      loose-envify "^1.3.1"
      path-to-regexp "^1.7.0"
      prop-types "^15.5.4"
      warning "^3.0.0"
  
  react@^16.2.0:
    version "16.2.0"
    resolved "https://registry.yarnpkg.com/react/-/react-16.2.0.tgz#a31bd2dab89bff65d42134fa187f24d054c273ba"
    dependencies:
      fbjs "^0.8.16"
      loose-envify "^1.1.0"
      object-assign "^4.1.1"
      prop-types "^15.6.0"
  
  readable-stream@^2.0.1:
    version "2.3.3"
    resolved "https://registry.yarnpkg.com/readable-stream/-/readable-stream-2.3.3.tgz#368f2512d79f9d46fdfc71349ae7878bbc1eb95c"
    dependencies:
      core-util-is "~1.0.0"
      inherits "~2.0.3"
      isarray "~1.0.0"
      process-nextick-args "~1.0.6"
      safe-buffer "~5.1.1"
      string_decoder "~1.0.3"
      util-deprecate "~1.0.1"
  
  redis-commands@^1.2.0:
    version "1.3.1"
    resolved "https://registry.yarnpkg.com/redis-commands/-/redis-commands-1.3.1.tgz#81d826f45fa9c8b2011f4cd7a0fe597d241d442b"
  
  redis-parser@^2.6.0:
    version "2.6.0"
    resolved "https://registry.yarnpkg.com/redis-parser/-/redis-parser-2.6.0.tgz#52ed09dacac108f1a631c07e9b69941e7a19504b"
  
  redis@^2.8.0:
    version "2.8.0"
    resolved "https://registry.yarnpkg.com/redis/-/redis-2.8.0.tgz#202288e3f58c49f6079d97af7a10e1303ae14b02"
    dependencies:
      double-ended-queue "^2.1.0-0"
      redis-commands "^1.2.0"
      redis-parser "^2.6.0"
  
  redux-observable@0.17.0, redux-observable@^0.17.0:
    version "0.17.0"
    resolved "https://registry.yarnpkg.com/redux-observable/-/redux-observable-0.17.0.tgz#23e29e3f3c39204b7ed6a14b67a29e317c03106b"
  
  redux@*, redux@^3.6.0, redux@^3.7.2:
    version "3.7.2"
    resolved "https://registry.yarnpkg.com/redux/-/redux-3.7.2.tgz#06b73123215901d25d065be342eb026bc1c8537b"
    dependencies:
      lodash "^4.2.1"
      lodash-es "^4.2.1"
      loose-envify "^1.1.0"
      symbol-observable "^1.0.3"
  
  regenerate@^1.2.1:
    version "1.3.3"
    resolved "https://registry.yarnpkg.com/regenerate/-/regenerate-1.3.3.tgz#0c336d3980553d755c39b586ae3b20aa49c82b7f"
  
  regenerator-runtime@^0.11.0:
    version "0.11.1"
    resolved "https://registry.yarnpkg.com/regenerator-runtime/-/regenerator-runtime-0.11.1.tgz#be05ad7f9bf7d22e056f9726cee5017fbf19e2e9"
  
  regenerator-transform@^0.10.0:
    version "0.10.1"
    resolved "https://registry.yarnpkg.com/regenerator-transform/-/regenerator-transform-0.10.1.tgz#1e4996837231da8b7f3cf4114d71b5691a0680dd"
    dependencies:
      babel-runtime "^6.18.0"
      babel-types "^6.19.0"
      private "^0.1.6"
  
  regex-not@^1.0.0:
    version "1.0.0"
    resolved "https://registry.yarnpkg.com/regex-not/-/regex-not-1.0.0.tgz#42f83e39771622df826b02af176525d6a5f157f9"
    dependencies:
      extend-shallow "^2.0.1"
  
  regexpu-core@^2.0.0:
    version "2.0.0"
    resolved "https://registry.yarnpkg.com/regexpu-core/-/regexpu-core-2.0.0.tgz#49d038837b8dcf8bfa5b9a42139938e6ea2ae240"
    dependencies:
      regenerate "^1.2.1"
      regjsgen "^0.2.0"
      regjsparser "^0.1.4"
  
  regjsgen@^0.2.0:
    version "0.2.0"
    resolved "https://registry.yarnpkg.com/regjsgen/-/regjsgen-0.2.0.tgz#6c016adeac554f75823fe37ac05b92d5a4edb1f7"
  
  regjsparser@^0.1.4:
    version "0.1.5"
    resolved "https://registry.yarnpkg.com/regjsparser/-/regjsparser-0.1.5.tgz#7ee8f84dc6fa792d3fd0ae228d24bd949ead205c"
    dependencies:
      jsesc "~0.5.0"
  
  repeat-element@^1.1.2:
    version "1.1.2"
    resolved "https://registry.yarnpkg.com/repeat-element/-/repeat-element-1.1.2.tgz#ef089a178d1483baae4d93eb98b4f9e4e11d990a"
  
  repeat-string@^1.6.1:
    version "1.6.1"
    resolved "https://registry.yarnpkg.com/repeat-string/-/repeat-string-1.6.1.tgz#8dcae470e1c88abc2d600fff4a776286da75e637"
  
  repeating@^2.0.0:
    version "2.0.1"
    resolved "https://registry.yarnpkg.com/repeating/-/repeating-2.0.1.tgz#5214c53a926d3552707527fbab415dbc08d06dda"
    dependencies:
      is-finite "^1.0.0"
  
  resolve-pathname@^2.2.0:
    version "2.2.0"
    resolved "https://registry.yarnpkg.com/resolve-pathname/-/resolve-pathname-2.2.0.tgz#7e9ae21ed815fd63ab189adeee64dc831eefa879"
  
  resolve-url@^0.2.1:
    version "0.2.1"
    resolved "https://registry.yarnpkg.com/resolve-url/-/resolve-url-0.2.1.tgz#2c637fe77c893afd2a663fe21aa9080068e2052a"
  
  rollup@^0.53.3:
    version "0.53.3"
    resolved "https://registry.yarnpkg.com/rollup/-/rollup-0.53.3.tgz#e7b6777623df912bd0ca30dc24be791d6ebc8e5a"
  
  rxjs@^5.4.2, rxjs@^5.5.6:
    version "5.5.6"
    resolved "https://registry.yarnpkg.com/rxjs/-/rxjs-5.5.6.tgz#e31fb96d6fd2ff1fd84bcea8ae9c02d007179c02"
    dependencies:
      symbol-observable "1.0.1"
  
  safe-buffer@5.1.1, safe-buffer@~5.1.0, safe-buffer@~5.1.1:
    version "5.1.1"
    resolved "https://registry.yarnpkg.com/safe-buffer/-/safe-buffer-5.1.1.tgz#893312af69b2123def71f57889001671eeb2c853"
  
  semver@^5.0.1:
    version "5.4.1"
    resolved "https://registry.yarnpkg.com/semver/-/semver-5.4.1.tgz#e059c09d8571f0540823733433505d3a2f00b18e"
  
  send@0.16.1:
    version "0.16.1"
    resolved "https://registry.yarnpkg.com/send/-/send-0.16.1.tgz#a70e1ca21d1382c11d0d9f6231deb281080d7ab3"
    dependencies:
      debug "2.6.9"
      depd "~1.1.1"
      destroy "~1.0.4"
      encodeurl "~1.0.1"
      escape-html "~1.0.3"
      etag "~1.8.1"
      fresh "0.5.2"
      http-errors "~1.6.2"
      mime "1.4.1"
      ms "2.0.0"
      on-finished "~2.3.0"
      range-parser "~1.2.0"
      statuses "~1.3.1"
  
  serve-static@1.13.1:
    version "1.13.1"
    resolved "https://registry.yarnpkg.com/serve-static/-/serve-static-1.13.1.tgz#4c57d53404a761d8f2e7c1e8a18a47dbf278a719"
    dependencies:
      encodeurl "~1.0.1"
      escape-html "~1.0.3"
      parseurl "~1.3.2"
      send "0.16.1"
  
  set-getter@^0.1.0:
    version "0.1.0"
    resolved "https://registry.yarnpkg.com/set-getter/-/set-getter-0.1.0.tgz#d769c182c9d5a51f409145f2fba82e5e86e80376"
    dependencies:
      to-object-path "^0.3.0"
  
  set-value@^0.4.3:
    version "0.4.3"
    resolved "https://registry.yarnpkg.com/set-value/-/set-value-0.4.3.tgz#7db08f9d3d22dc7f78e53af3c3bf4666ecdfccf1"
    dependencies:
      extend-shallow "^2.0.1"
      is-extendable "^0.1.1"
      is-plain-object "^2.0.1"
      to-object-path "^0.3.0"
  
  set-value@^2.0.0:
    version "2.0.0"
    resolved "https://registry.yarnpkg.com/set-value/-/set-value-2.0.0.tgz#71ae4a88f0feefbbf52d1ea604f3fb315ebb6274"
    dependencies:
      extend-shallow "^2.0.1"
      is-extendable "^0.1.1"
      is-plain-object "^2.0.3"
      split-string "^3.0.1"
  
  setimmediate@^1.0.5:
    version "1.0.5"
    resolved "https://registry.yarnpkg.com/setimmediate/-/setimmediate-1.0.5.tgz#290cbb232e306942d7d7ea9b83732ab7856f8285"
  
  setprototypeof@1.0.3:
    version "1.0.3"
    resolved "https://registry.yarnpkg.com/setprototypeof/-/setprototypeof-1.0.3.tgz#66567e37043eeb4f04d91bd658c0cbefb55b8e04"
  
  setprototypeof@1.1.0:
    version "1.1.0"
    resolved "https://registry.yarnpkg.com/setprototypeof/-/setprototypeof-1.1.0.tgz#d0bd85536887b6fe7c0d818cb962d9d91c54e656"
  
  slash@^1.0.0:
    version "1.0.0"
    resolved "https://registry.yarnpkg.com/slash/-/slash-1.0.0.tgz#c41f2f6c39fc16d1cd17ad4b5d896114ae470d55"
  
  snapdragon-node@^2.0.1:
    version "2.1.1"
    resolved "https://registry.yarnpkg.com/snapdragon-node/-/snapdragon-node-2.1.1.tgz#6c175f86ff14bdb0724563e8f3c1b021a286853b"
    dependencies:
      define-property "^1.0.0"
      isobject "^3.0.0"
      snapdragon-util "^3.0.1"
  
  snapdragon-util@^3.0.1:
    version "3.0.1"
    resolved "https://registry.yarnpkg.com/snapdragon-util/-/snapdragon-util-3.0.1.tgz#f956479486f2acd79700693f6f7b805e45ab56e2"
    dependencies:
      kind-of "^3.2.0"
  
  snapdragon@^0.8.1:
    version "0.8.1"
    resolved "https://registry.yarnpkg.com/snapdragon/-/snapdragon-0.8.1.tgz#e12b5487faded3e3dea0ac91e9400bf75b401370"
    dependencies:
      base "^0.11.1"
      debug "^2.2.0"
      define-property "^0.2.5"
      extend-shallow "^2.0.1"
      map-cache "^0.2.2"
      source-map "^0.5.6"
      source-map-resolve "^0.5.0"
      use "^2.0.0"
  
  socket.io-adapter@~1.1.0:
    version "1.1.1"
    resolved "https://registry.yarnpkg.com/socket.io-adapter/-/socket.io-adapter-1.1.1.tgz#2a805e8a14d6372124dd9159ad4502f8cb07f06b"
  
  socket.io-client@2.0.4, socket.io-client@^2.0.4:
    version "2.0.4"
    resolved "https://registry.yarnpkg.com/socket.io-client/-/socket.io-client-2.0.4.tgz#0918a552406dc5e540b380dcd97afc4a64332f8e"
    dependencies:
      backo2 "1.0.2"
      base64-arraybuffer "0.1.5"
      component-bind "1.0.0"
      component-emitter "1.2.1"
      debug "~2.6.4"
      engine.io-client "~3.1.0"
      has-cors "1.1.0"
      indexof "0.0.1"
      object-component "0.0.3"
      parseqs "0.0.5"
      parseuri "0.0.5"
      socket.io-parser "~3.1.1"
      to-array "0.1.4"
  
  socket.io-parser@~3.1.1:
    version "3.1.2"
    resolved "https://registry.yarnpkg.com/socket.io-parser/-/socket.io-parser-3.1.2.tgz#dbc2282151fc4faebbe40aeedc0772eba619f7f2"
    dependencies:
      component-emitter "1.2.1"
      debug "~2.6.4"
      has-binary2 "~1.0.2"
      isarray "2.0.1"
  
  socket.io@^2.0.4:
    version "2.0.4"
    resolved "https://registry.yarnpkg.com/socket.io/-/socket.io-2.0.4.tgz#c1a4590ceff87ecf13c72652f046f716b29e6014"
    dependencies:
      debug "~2.6.6"
      engine.io "~3.1.0"
      socket.io-adapter "~1.1.0"
      socket.io-client "2.0.4"
      socket.io-parser "~3.1.1"
  
  source-map-loader@^0.2.3:
    version "0.2.3"
    resolved "https://registry.yarnpkg.com/source-map-loader/-/source-map-loader-0.2.3.tgz#d4b0c8cd47d54edce3e6bfa0f523f452b5b0e521"
    dependencies:
      async "^2.5.0"
      loader-utils "~0.2.2"
      source-map "~0.6.1"
  
  source-map-resolve@^0.5.0:
    version "0.5.1"
    resolved "https://registry.yarnpkg.com/source-map-resolve/-/source-map-resolve-0.5.1.tgz#7ad0f593f2281598e854df80f19aae4b92d7a11a"
    dependencies:
      atob "^2.0.0"
      decode-uri-component "^0.2.0"
      resolve-url "^0.2.1"
      source-map-url "^0.4.0"
      urix "^0.1.0"
  
  source-map-support@^0.4.15:
    version "0.4.18"
    resolved "https://registry.yarnpkg.com/source-map-support/-/source-map-support-0.4.18.tgz#0286a6de8be42641338594e97ccea75f0a2c585f"
    dependencies:
      source-map "^0.5.6"
  
  source-map-url@^0.4.0:
    version "0.4.0"
    resolved "https://registry.yarnpkg.com/source-map-url/-/source-map-url-0.4.0.tgz#3e935d7ddd73631b97659956d55128e87b5084a3"
  
  source-map@^0.5.6:
    version "0.5.7"
    resolved "https://registry.yarnpkg.com/source-map/-/source-map-0.5.7.tgz#8a039d2d1021d22d1ea14c80d8ea468ba2ef3fcc"
  
  source-map@~0.6.1:
    version "0.6.1"
    resolved "https://registry.yarnpkg.com/source-map/-/source-map-0.6.1.tgz#74722af32e9614e9c287a8d0bbde48b5e2f1a263"
  
  split-string@^3.0.1, split-string@^3.0.2:
    version "3.1.0"
    resolved "https://registry.yarnpkg.com/split-string/-/split-string-3.1.0.tgz#7cb09dda3a86585705c64b39a6466038682e8fe2"
    dependencies:
      extend-shallow "^3.0.0"
  
  static-extend@^0.1.1:
    version "0.1.2"
    resolved "https://registry.yarnpkg.com/static-extend/-/static-extend-0.1.2.tgz#60809c39cbff55337226fd5e0b520f341f1fb5c6"
    dependencies:
      define-property "^0.2.5"
      object-copy "^0.1.0"
  
  "statuses@>= 1.3.1 < 2":
    version "1.4.0"
    resolved "https://registry.yarnpkg.com/statuses/-/statuses-1.4.0.tgz#bb73d446da2796106efcc1b601a253d6c46bd087"
  
  statuses@~1.3.1:
    version "1.3.1"
    resolved "https://registry.yarnpkg.com/statuses/-/statuses-1.3.1.tgz#faf51b9eb74aaef3b3acf4ad5f61abf24cb7b93e"
  
  string_decoder@~1.0.3:
    version "1.0.3"
    resolved "https://registry.yarnpkg.com/string_decoder/-/string_decoder-1.0.3.tgz#0fc67d7c141825de94282dd536bec6b9bce860ab"
    dependencies:
      safe-buffer "~5.1.0"
  
  strip-ansi@^3.0.0:
    version "3.0.1"
    resolved "https://registry.yarnpkg.com/strip-ansi/-/strip-ansi-3.0.1.tgz#6a385fb8853d952d5ff05d0e8aaf94278dc63dcf"
    dependencies:
      ansi-regex "^2.0.0"
  
  styled-components@^2.4.0:
    version "2.4.0"
    resolved "https://registry.yarnpkg.com/styled-components/-/styled-components-2.4.0.tgz#086d0fd483d54638837fca3ea546a030b94adf75"
    dependencies:
      buffer "^5.0.3"
      css-to-react-native "^2.0.3"
      fbjs "^0.8.9"
      hoist-non-react-statics "^1.2.0"
      is-plain-object "^2.0.1"
      prop-types "^15.5.4"
      stylis "^3.4.0"
      supports-color "^3.2.3"
  
  stylis@^3.4.0:
    version "3.4.7"
    resolved "https://registry.yarnpkg.com/stylis/-/stylis-3.4.7.tgz#4fa57ef276d1ed20aafda4e1a97c35b5b87d59ce"
  
  supports-color@^2.0.0:
    version "2.0.0"
    resolved "https://registry.yarnpkg.com/supports-color/-/supports-color-2.0.0.tgz#535d045ce6b6363fa40117084629995e9df324c7"
  
  supports-color@^3.2.3:
    version "3.2.3"
    resolved "https://registry.yarnpkg.com/supports-color/-/supports-color-3.2.3.tgz#65ac0504b3954171d8a64946b2ae3cbb8a5f54f6"
    dependencies:
      has-flag "^1.0.0"
  
  supports-color@^4.0.0:
    version "4.5.0"
    resolved "https://registry.yarnpkg.com/supports-color/-/supports-color-4.5.0.tgz#be7a0de484dec5c5cddf8b3d59125044912f635b"
    dependencies:
      has-flag "^2.0.0"
  
  symbol-observable@1.0.1:
    version "1.0.1"
    resolved "https://registry.yarnpkg.com/symbol-observable/-/symbol-observable-1.0.1.tgz#8340fc4702c3122df5d22288f88283f513d3fdd4"
  
  symbol-observable@^1.0.3:
    version "1.1.0"
    resolved "https://registry.yarnpkg.com/symbol-observable/-/symbol-observable-1.1.0.tgz#5c68fd8d54115d9dfb72a84720549222e8db9b32"
  
  tapable@^0.2.5, tapable@^0.2.7:
    version "0.2.8"
    resolved "https://registry.yarnpkg.com/tapable/-/tapable-0.2.8.tgz#99372a5c999bf2df160afc0d74bed4f47948cd22"
  
  to-array@0.1.4:
    version "0.1.4"
    resolved "https://registry.yarnpkg.com/to-array/-/to-array-0.1.4.tgz#17e6c11f73dd4f3d74cda7a4ff3238e9ad9bf890"
  
  to-fast-properties@^1.0.3:
    version "1.0.3"
    resolved "https://registry.yarnpkg.com/to-fast-properties/-/to-fast-properties-1.0.3.tgz#b83571fa4d8c25b82e231b06e3a3055de4ca1a47"
  
  to-object-path@^0.3.0:
    version "0.3.0"
    resolved "https://registry.yarnpkg.com/to-object-path/-/to-object-path-0.3.0.tgz#297588b7b0e7e0ac08e04e672f85c1f4999e17af"
    dependencies:
      kind-of "^3.0.2"
  
  to-regex-range@^2.1.0:
    version "2.1.1"
    resolved "https://registry.yarnpkg.com/to-regex-range/-/to-regex-range-2.1.1.tgz#7c80c17b9dfebe599e27367e0d4dd5590141db38"
    dependencies:
      is-number "^3.0.0"
      repeat-string "^1.6.1"
  
  to-regex@^3.0.1:
    version "3.0.1"
    resolved "https://registry.yarnpkg.com/to-regex/-/to-regex-3.0.1.tgz#15358bee4a2c83bd76377ba1dc049d0f18837aae"
    dependencies:
      define-property "^0.2.5"
      extend-shallow "^2.0.1"
      regex-not "^1.0.0"
  
  trim-right@^1.0.1:
    version "1.0.1"
    resolved "https://registry.yarnpkg.com/trim-right/-/trim-right-1.0.1.tgz#cb2e1203067e0c8de1f614094b9fe45704ea6003"
  
  ts-loader@^3.2.0:
    version "3.2.0"
    resolved "https://registry.yarnpkg.com/ts-loader/-/ts-loader-3.2.0.tgz#23211922179b81f7448754b7fdfca45b8374a15a"
    dependencies:
      chalk "^2.3.0"
      enhanced-resolve "^3.0.0"
      loader-utils "^1.0.2"
      semver "^5.0.1"
  
  type-is@~1.6.15:
    version "1.6.15"
    resolved "https://registry.yarnpkg.com/type-is/-/type-is-1.6.15.tgz#cab10fb4909e441c82842eafe1ad646c81804410"
    dependencies:
      media-typer "0.3.0"
      mime-types "~2.1.15"
  
  typescript-fsa-reducers@^0.4.4, typescript-fsa-reducers@^0.4.5:
    version "0.4.5"
    resolved "https://registry.yarnpkg.com/typescript-fsa-reducers/-/typescript-fsa-reducers-0.4.5.tgz#58fffb2f6eeca6817c2f656b7e7df2cb1c9d1f84"
    dependencies:
      typescript-fsa "^2.0.0"
  
  typescript-fsa-redux-observable@^0.17.0:
    version "0.17.0"
    resolved "https://registry.yarnpkg.com/typescript-fsa-redux-observable/-/typescript-fsa-redux-observable-0.17.0.tgz#1865e6da049948847d5a0e7fc52b8bc01c8d5766"
    dependencies:
      "@types/redux" "^3.6.0"
      redux "^3.7.2"
      redux-observable "0.17.0"
      rxjs "^5.4.2"
      typescript-fsa-reducers "^0.4.4"
  
  typescript-fsa@^2.0.0, typescript-fsa@^2.5.0:
    version "2.5.0"
    resolved "https://registry.yarnpkg.com/typescript-fsa/-/typescript-fsa-2.5.0.tgz#1baec01b5e8f5f34c322679d1327016e9e294faf"
  
  typescript@^2.6.2:
    version "2.6.2"
    resolved "https://registry.yarnpkg.com/typescript/-/typescript-2.6.2.tgz#3c5b6fd7f6de0914269027f03c0946758f7673a4"
  
  ua-parser-js@^0.7.9:
    version "0.7.17"
    resolved "https://registry.yarnpkg.com/ua-parser-js/-/ua-parser-js-0.7.17.tgz#e9ec5f9498b9ec910e7ae3ac626a805c4d09ecac"
  
  uid-safe@~2.1.5:
    version "2.1.5"
    resolved "https://registry.yarnpkg.com/uid-safe/-/uid-safe-2.1.5.tgz#2b3d5c7240e8fc2e58f8aa269e5ee49c0857bd3a"
    dependencies:
      random-bytes "~1.0.0"
  
  ultron@~1.1.0:
    version "1.1.1"
    resolved "https://registry.yarnpkg.com/ultron/-/ultron-1.1.1.tgz#9fe1536a10a664a65266a1e3ccf85fd36302bc9c"
  
  union-value@^1.0.0:
    version "1.0.0"
    resolved "https://registry.yarnpkg.com/union-value/-/union-value-1.0.0.tgz#5c71c34cb5bad5dcebe3ea0cd08207ba5aa1aea4"
    dependencies:
      arr-union "^3.1.0"
      get-value "^2.0.6"
      is-extendable "^0.1.1"
      set-value "^0.4.3"
  
  unpipe@1.0.0, unpipe@~1.0.0:
    version "1.0.0"
    resolved "https://registry.yarnpkg.com/unpipe/-/unpipe-1.0.0.tgz#b2bf4ee8514aae6165b4817829d21b2ef49904ec"
  
  unset-value@^1.0.0:
    version "1.0.0"
    resolved "https://registry.yarnpkg.com/unset-value/-/unset-value-1.0.0.tgz#8376873f7d2335179ffb1e6fc3a8ed0dfc8ab559"
    dependencies:
      has-value "^0.3.1"
      isobject "^3.0.0"
  
  urix@^0.1.0:
    version "0.1.0"
    resolved "https://registry.yarnpkg.com/urix/-/urix-0.1.0.tgz#da937f7a62e21fec1fd18d49b35c2935067a6c72"
  
  use@^2.0.0:
    version "2.0.2"
    resolved "https://registry.yarnpkg.com/use/-/use-2.0.2.tgz#ae28a0d72f93bf22422a18a2e379993112dec8e8"
    dependencies:
      define-property "^0.2.5"
      isobject "^3.0.0"
      lazy-cache "^2.0.2"
  
  util-deprecate@~1.0.1:
    version "1.0.2"
    resolved "https://registry.yarnpkg.com/util-deprecate/-/util-deprecate-1.0.2.tgz#450d4dc9fa70de732762fbd2d4a28981419a0ccf"
  
  utils-merge@1.0.1:
    version "1.0.1"
    resolved "https://registry.yarnpkg.com/utils-merge/-/utils-merge-1.0.1.tgz#9f95710f50a267947b2ccc124741c1028427e713"
  
  uws@~0.14.4:
    version "0.14.5"
    resolved "https://registry.yarnpkg.com/uws/-/uws-0.14.5.tgz#67aaf33c46b2a587a5f6666d00f7691328f149dc"
  
  value-equal@^0.4.0:
    version "0.4.0"
    resolved "https://registry.yarnpkg.com/value-equal/-/value-equal-0.4.0.tgz#c5bdd2f54ee093c04839d71ce2e4758a6890abc7"
  
  vary@~1.1.2:
    version "1.1.2"
    resolved "https://registry.yarnpkg.com/vary/-/vary-1.1.2.tgz#2299f02c6ded30d4a5961b0b9f74524a18f634fc"
  
  warning@^3.0.0:
    version "3.0.0"
    resolved "https://registry.yarnpkg.com/warning/-/warning-3.0.0.tgz#32e5377cb572de4ab04753bdf8821c01ed605b7c"
    dependencies:
      loose-envify "^1.0.0"
  
  whatwg-fetch@>=0.10.0:
    version "2.0.3"
    resolved "https://registry.yarnpkg.com/whatwg-fetch/-/whatwg-fetch-2.0.3.tgz#9c84ec2dcf68187ff00bc64e1274b442176e1c84"
  
  ws@~3.3.1:
    version "3.3.3"
    resolved "https://registry.yarnpkg.com/ws/-/ws-3.3.3.tgz#f1cf84fe2d5e901ebce94efaece785f187a228f2"
    dependencies:
      async-limiter "~1.0.0"
      safe-buffer "~5.1.0"
      ultron "~1.1.0"
  
  xmlhttprequest-ssl@~1.5.4:
    version "1.5.4"
    resolved "https://registry.yarnpkg.com/xmlhttprequest-ssl/-/xmlhttprequest-ssl-1.5.4.tgz#04f560915724b389088715cc0ed7813e9677bf57"
  
  yeast@0.1.2:
    version "0.1.2"
    resolved "https://registry.yarnpkg.com/yeast/-/yeast-0.1.2.tgz#008e06d8094320c372dbc2f8ed76a0ca6c8ac419"

Trace: 
  SyntaxError: /Users/justin.menestrina/projects/chatApp/package.json: Unexpected token } in JSON at position 808
      at JSON.parse (<anonymous>)
      at /usr/local/Cellar/yarn/1.3.2/libexec/lib/cli.js:770:59
      at Generator.next (<anonymous>)
      at step (/usr/local/Cellar/yarn/1.3.2/libexec/lib/cli.js:92:30)
      at /usr/local/Cellar/yarn/1.3.2/libexec/lib/cli.js:103:13
      at <anonymous>
